[2023-02-20 09:46:58] production.ERROR: Call to a member function format() on null (View: /home/faisal/sites/eco-st/resources/views/admin/dashboard.blade.php) {"view":{"view":"/home/faisal/sites/eco-st/resources/views/admin/dashboard.blade.php","data":{"errors":"<pre class=sf-dump id=sf-dump-226218846 data-indent-pad=\"  \"><span class=sf-dump-note>Illuminate\\Support\\ViewErrorBag</span> {<a class=sf-dump-ref>#662</a><samp data-depth=1 class=sf-dump-expanded>
  #<span class=sf-dump-protected title=\"Protected property\">bags</span>: []
</samp>}
</pre><script>Sfdump(\"sf-dump-226218846\", {\"maxDepth\":3,\"maxStringLength\":160})</script>
","chart":"<pre class=sf-dump id=sf-dump-1793715968 data-indent-pad=\"  \"><span class=sf-dump-note>ArielMejiaDev\\LarapexCharts\\BarChart</span> {<a class=sf-dump-ref>#1593</a><samp data-depth=1 class=sf-dump-expanded>
  +<span class=sf-dump-public title=\"Public property\">id</span>: \"<span class=sf-dump-str title=\"25 characters\">tybqzxofuwjhnmaisgrdepklc</span>\"
  #<span class=sf-dump-protected title=\"Protected property\">title</span>: <span class=sf-dump-const>null</span>
  #<span class=sf-dump-protected title=\"Protected property\">subtitle</span>: <span class=sf-dump-const>null</span>
  #<span class=sf-dump-protected title=\"Protected property\">subtitlePosition</span>: <span class=sf-dump-const>null</span>
  #<span class=sf-dump-protected title=\"Protected property\">type</span>: \"<span class=sf-dump-str title=\"3 characters\">bar</span>\"
  #<span class=sf-dump-protected title=\"Protected property\">labels</span>: <span class=sf-dump-const>null</span>
  #<span class=sf-dump-protected title=\"Protected property\">fontFamily</span>: <span class=sf-dump-const>null</span>
  #<span class=sf-dump-protected title=\"Protected property\">dataset</span>: \"<span class=sf-dump-str title=\"52 characters\">[{&quot;name&quot;:&quot;orders&quot;,&quot;data&quot;:[0,0,0,0,0,0,0,0,0,0,0,0]}]</span>\"
  #<span class=sf-dump-protected title=\"Protected property\">height</span>: <span class=sf-dump-num>500</span>
  #<span class=sf-dump-protected title=\"Protected property\">width</span>: <span class=sf-dump-const>null</span>
  #<span class=sf-dump-protected title=\"Protected property\">colors</span>: \"<span class=sf-dump-str title=\"11 characters\">[&quot;#17A2B8&quot;]</span>\"
  #<span class=sf-dump-protected title=\"Protected property\">horizontal</span>: \"<span class=sf-dump-str title=\"20 characters\">{&quot;horizontal&quot;:false}</span>\"
  #<span class=sf-dump-protected title=\"Protected property\">xAxis</span>: \"<span class=sf-dump-str title=\"73 characters\">[&quot;Jan&quot;,&quot;Feb&quot;,&quot;Mar&quot;,&quot;Apr&quot;,&quot;May&quot;,&quot;Jun&quot;,&quot;Jul&quot;,&quot;Aug&quot;,&quot;Sep&quot;,&quot;Oct&quot;,&quot;Nov&quot;,&quot;Dec&quot;]</span>\"
  #<span class=sf-dump-protected title=\"Protected property\">grid</span>: \"<span class=sf-dump-str title=\"14 characters\">{&quot;show&quot;:false}</span>\"
  #<span class=sf-dump-protected title=\"Protected property\">markers</span>: \"<span class=sf-dump-str title=\"14 characters\">{&quot;show&quot;:false}</span>\"
  #<span class=sf-dump-protected title=\"Protected property\">stroke</span>: <span class=sf-dump-const>null</span>
  #<span class=sf-dump-protected title=\"Protected property\">toolbar</span>: \"<span class=sf-dump-str title=\"14 characters\">{&quot;show&quot;:false}</span>\"
  #<span class=sf-dump-protected title=\"Protected property\">zoom</span>: \"<span class=sf-dump-str title=\"16 characters\">{&quot;enabled&quot;:true}</span>\"
  #<span class=sf-dump-protected title=\"Protected property\">dataLabels</span>: \"<span class=sf-dump-str title=\"17 characters\">{&quot;enabled&quot;:false}</span>\"
  -<span class=sf-dump-private title=\"Private property defined in class:&#10;`ArielMejiaDev\\LarapexCharts\\LarapexChart`\">chartLetters</span>: \"<span class=sf-dump-str title=\"26 characters\">abcdefghijklmnopqrstuvwxyz</span>\"
</samp>}
</pre><script>Sfdump(\"sf-dump-1793715968\", {\"maxDepth\":3,\"maxStringLength\":160})</script>
","chart02":"<pre class=sf-dump id=sf-dump-1419795776 data-indent-pad=\"  \"><span class=sf-dump-note>ArielMejiaDev\\LarapexCharts\\DonutChart</span> {<a class=sf-dump-ref>#1630</a><samp data-depth=1 class=sf-dump-expanded>
  +<span class=sf-dump-public title=\"Public property\">id</span>: \"<span class=sf-dump-str title=\"25 characters\">lrepoyujkfvwihgxqdtasznbc</span>\"
  #<span class=sf-dump-protected title=\"Protected property\">title</span>: <span class=sf-dump-const>null</span>
  #<span class=sf-dump-protected title=\"Protected property\">subtitle</span>: <span class=sf-dump-const>null</span>
  #<span class=sf-dump-protected title=\"Protected property\">subtitlePosition</span>: <span class=sf-dump-const>null</span>
  #<span class=sf-dump-protected title=\"Protected property\">type</span>: \"<span class=sf-dump-str title=\"5 characters\">donut</span>\"
  #<span class=sf-dump-protected title=\"Protected property\">labels</span>: <span class=sf-dump-note>array:3</span> [<samp data-depth=2 class=sf-dump-compact>
    <span class=sf-dump-index>0</span> => \"<span class=sf-dump-str title=\"18 characters\">&#1578;&#1581;&#1583;&#1610;&#1583; &#1605;&#1608;&#1593;&#1583; &#1575;&#1604;&#1578;&#1580;&#1607;&#1610;&#1586;</span>\"
    <span class=sf-dump-index>1</span> => \"<span class=sf-dump-str title=\"17 characters\">&#1575;&#1604;&#1591;&#1604;&#1576; &#1602;&#1610;&#1583; &#1575;&#1604;&#1578;&#1601;&#1589;&#1610;&#1604;</span>\"
    <span class=sf-dump-index>2</span> => \"<span class=sf-dump-str title=\"17 characters\">&#1575;&#1604;&#1591;&#1604;&#1576; &#1602;&#1610;&#1583; &#1575;&#1604;&#1578;&#1608;&#1589;&#1610;&#1604;</span>\"
  </samp>]
  #<span class=sf-dump-protected title=\"Protected property\">fontFamily</span>: <span class=sf-dump-const>null</span>
  #<span class=sf-dump-protected title=\"Protected property\">dataset</span>: \"<span class=sf-dump-str title=\"7 characters\">[1,0,1]</span>\"
  #<span class=sf-dump-protected title=\"Protected property\">height</span>: <span class=sf-dump-num>500</span>
  #<span class=sf-dump-protected title=\"Protected property\">width</span>: <span class=sf-dump-const>null</span>
  #<span class=sf-dump-protected title=\"Protected property\">colors</span>: \"<span class=sf-dump-str title=\"31 characters\">[&quot;#DC3545&quot;,&quot;#FFC107&quot;,&quot;#28A745&quot;]</span>\"
  #<span class=sf-dump-protected title=\"Protected property\">horizontal</span>: \"<span class=sf-dump-str title=\"20 characters\">{&quot;horizontal&quot;:false}</span>\"
  #<span class=sf-dump-protected title=\"Protected property\">xAxis</span>: \"<span class=sf-dump-str title=\"2 characters\">[]</span>\"
  #<span class=sf-dump-protected title=\"Protected property\">grid</span>: \"<span class=sf-dump-str title=\"58 characters\">{&quot;row&quot;:{&quot;colors&quot;:[&quot;#3F51B5&quot;,&quot;transparent&quot;],&quot;opacity&quot;:0.1}}</span>\"
  #<span class=sf-dump-protected title=\"Protected property\">markers</span>: \"<span class=sf-dump-str title=\"14 characters\">{&quot;show&quot;:false}</span>\"
  #<span class=sf-dump-protected title=\"Protected property\">stroke</span>: <span class=sf-dump-const>null</span>
  #<span class=sf-dump-protected title=\"Protected property\">toolbar</span>: \"<span class=sf-dump-str title=\"14 characters\">{&quot;show&quot;:false}</span>\"
  #<span class=sf-dump-protected title=\"Protected property\">zoom</span>: \"<span class=sf-dump-str title=\"16 characters\">{&quot;enabled&quot;:true}</span>\"
  #<span class=sf-dump-protected title=\"Protected property\">dataLabels</span>: \"<span class=sf-dump-str title=\"17 characters\">{&quot;enabled&quot;:false}</span>\"
  -<span class=sf-dump-private title=\"Private property defined in class:&#10;`ArielMejiaDev\\LarapexCharts\\LarapexChart`\">chartLetters</span>: \"<span class=sf-dump-str title=\"26 characters\">abcdefghijklmnopqrstuvwxyz</span>\"
</samp>}
</pre><script>Sfdump(\"sf-dump-1419795776\", {\"maxDepth\":3,\"maxStringLength\":160})</script>
","chart03":"<pre class=sf-dump id=sf-dump-534931742 data-indent-pad=\"  \"><span class=sf-dump-note>ArielMejiaDev\\LarapexCharts\\LineChart</span> {<a class=sf-dump-ref>#1633</a><samp data-depth=1 class=sf-dump-expanded>
  +<span class=sf-dump-public title=\"Public property\">id</span>: \"<span class=sf-dump-str title=\"25 characters\">ysqgadtuofmvxkclhibnrejwp</span>\"
  #<span class=sf-dump-protected title=\"Protected property\">title</span>: <span class=sf-dump-const>null</span>
  #<span class=sf-dump-protected title=\"Protected property\">subtitle</span>: <span class=sf-dump-const>null</span>
  #<span class=sf-dump-protected title=\"Protected property\">subtitlePosition</span>: <span class=sf-dump-const>null</span>
  #<span class=sf-dump-protected title=\"Protected property\">type</span>: \"<span class=sf-dump-str title=\"4 characters\">line</span>\"
  #<span class=sf-dump-protected title=\"Protected property\">labels</span>: <span class=sf-dump-const>null</span>
  #<span class=sf-dump-protected title=\"Protected property\">fontFamily</span>: <span class=sf-dump-const>null</span>
  #<span class=sf-dump-protected title=\"Protected property\">dataset</span>: \"<span class=sf-dump-str title=\"170 characters\">[{&quot;name&quot;:&quot;BHD&quot;,&quot;data&quot;:[0,0,0,0,0,0,0,0,0,0,0,0]},{&quot;name&quot;:&quot;tafseel fees-BHD&quot;,&quot;data&quot;:[&quot;0.00&quot;,&quot;0.00&quot;,&quot;0.00&quot;,&quot;0.00&quot;,&quot;0.00&quot;,&quot;0.00&quot;,&quot;0.00&quot;,&quot;0.00&quot;,&quot;0.00&quot;,&quot;0.00&quot;,&quot;0.00&quot;,&quot;0.00&quot;]}]</span>\"
  #<span class=sf-dump-protected title=\"Protected property\">height</span>: <span class=sf-dump-num>500</span>
  #<span class=sf-dump-protected title=\"Protected property\">width</span>: <span class=sf-dump-const>null</span>
  #<span class=sf-dump-protected title=\"Protected property\">colors</span>: \"<span class=sf-dump-str title=\"21 characters\">[&quot;#8E9AA4&quot;,&quot;#726189&quot;]</span>\"
  #<span class=sf-dump-protected title=\"Protected property\">horizontal</span>: \"<span class=sf-dump-str title=\"20 characters\">{&quot;horizontal&quot;:false}</span>\"
  #<span class=sf-dump-protected title=\"Protected property\">xAxis</span>: \"<span class=sf-dump-str title=\"73 characters\">[&quot;Jan&quot;,&quot;Feb&quot;,&quot;Mar&quot;,&quot;Apr&quot;,&quot;May&quot;,&quot;Jun&quot;,&quot;Jul&quot;,&quot;Aug&quot;,&quot;Sep&quot;,&quot;Oct&quot;,&quot;Nov&quot;,&quot;Dec&quot;]</span>\"
  #<span class=sf-dump-protected title=\"Protected property\">grid</span>: \"<span class=sf-dump-str title=\"14 characters\">{&quot;show&quot;:false}</span>\"
  #<span class=sf-dump-protected title=\"Protected property\">markers</span>: \"<span class=sf-dump-str title=\"14 characters\">{&quot;show&quot;:false}</span>\"
  #<span class=sf-dump-protected title=\"Protected property\">stroke</span>: <span class=sf-dump-const>null</span>
  #<span class=sf-dump-protected title=\"Protected property\">toolbar</span>: \"<span class=sf-dump-str title=\"14 characters\">{&quot;show&quot;:false}</span>\"
  #<span class=sf-dump-protected title=\"Protected property\">zoom</span>: \"<span class=sf-dump-str title=\"16 characters\">{&quot;enabled&quot;:true}</span>\"
  #<span class=sf-dump-protected title=\"Protected property\">dataLabels</span>: \"<span class=sf-dump-str title=\"17 characters\">{&quot;enabled&quot;:false}</span>\"
  -<span class=sf-dump-private title=\"Private property defined in class:&#10;`ArielMejiaDev\\LarapexCharts\\LarapexChart`\">chartLetters</span>: \"<span class=sf-dump-str title=\"26 characters\">abcdefghijklmnopqrstuvwxyz</span>\"
</samp>}
</pre><script>Sfdump(\"sf-dump-534931742\", {\"maxDepth\":3,\"maxStringLength\":160})</script>
","chart04":"<pre class=sf-dump id=sf-dump-2093214047 data-indent-pad=\"  \"><span class=sf-dump-note>ArielMejiaDev\\LarapexCharts\\AreaChart</span> {<a class=sf-dump-ref>#1707</a><samp data-depth=1 class=sf-dump-expanded>
  +<span class=sf-dump-public title=\"Public property\">id</span>: \"<span class=sf-dump-str title=\"25 characters\">judfwgkqslahtmnvcbzrixpyo</span>\"
  #<span class=sf-dump-protected title=\"Protected property\">title</span>: <span class=sf-dump-const>null</span>
  #<span class=sf-dump-protected title=\"Protected property\">subtitle</span>: <span class=sf-dump-const>null</span>
  #<span class=sf-dump-protected title=\"Protected property\">subtitlePosition</span>: <span class=sf-dump-const>null</span>
  #<span class=sf-dump-protected title=\"Protected property\">type</span>: \"<span class=sf-dump-str title=\"4 characters\">area</span>\"
  #<span class=sf-dump-protected title=\"Protected property\">labels</span>: <span class=sf-dump-const>null</span>
  #<span class=sf-dump-protected title=\"Protected property\">fontFamily</span>: <span class=sf-dump-const>null</span>
  #<span class=sf-dump-protected title=\"Protected property\">dataset</span>: \"<span class=sf-dump-str title=\"110 characters\">[{&quot;name&quot;:&quot;New Users&quot;,&quot;data&quot;:[0,0,0,0,0,0,0,0,0,0,0,0]},{&quot;name&quot;:&quot;New Stores&quot;,&quot;data&quot;:[0,0,0,0,0,0,0,0,0,0,0,0]}]</span>\"
  #<span class=sf-dump-protected title=\"Protected property\">height</span>: <span class=sf-dump-num>500</span>
  #<span class=sf-dump-protected title=\"Protected property\">width</span>: <span class=sf-dump-const>null</span>
  #<span class=sf-dump-protected title=\"Protected property\">colors</span>: \"<span class=sf-dump-str title=\"21 characters\">[&quot;#317087&quot;,&quot;#CB4E41&quot;]</span>\"
  #<span class=sf-dump-protected title=\"Protected property\">horizontal</span>: \"<span class=sf-dump-str title=\"20 characters\">{&quot;horizontal&quot;:false}</span>\"
  #<span class=sf-dump-protected title=\"Protected property\">xAxis</span>: \"<span class=sf-dump-str title=\"73 characters\">[&quot;Jan&quot;,&quot;Feb&quot;,&quot;Mar&quot;,&quot;Apr&quot;,&quot;May&quot;,&quot;Jun&quot;,&quot;Jul&quot;,&quot;Aug&quot;,&quot;Sep&quot;,&quot;Oct&quot;,&quot;Nov&quot;,&quot;Dec&quot;]</span>\"
  #<span class=sf-dump-protected title=\"Protected property\">grid</span>: \"<span class=sf-dump-str title=\"14 characters\">{&quot;show&quot;:false}</span>\"
  #<span class=sf-dump-protected title=\"Protected property\">markers</span>: \"<span class=sf-dump-str title=\"14 characters\">{&quot;show&quot;:false}</span>\"
  #<span class=sf-dump-protected title=\"Protected property\">stroke</span>: <span class=sf-dump-const>null</span>
  #<span class=sf-dump-protected title=\"Protected property\">toolbar</span>: \"<span class=sf-dump-str title=\"14 characters\">{&quot;show&quot;:false}</span>\"
  #<span class=sf-dump-protected title=\"Protected property\">zoom</span>: \"<span class=sf-dump-str title=\"16 characters\">{&quot;enabled&quot;:true}</span>\"
  #<span class=sf-dump-protected title=\"Protected property\">dataLabels</span>: \"<span class=sf-dump-str title=\"17 characters\">{&quot;enabled&quot;:false}</span>\"
  -<span class=sf-dump-private title=\"Private property defined in class:&#10;`ArielMejiaDev\\LarapexCharts\\LarapexChart`\">chartLetters</span>: \"<span class=sf-dump-str title=\"26 characters\">abcdefghijklmnopqrstuvwxyz</span>\"
</samp>}
</pre><script>Sfdump(\"sf-dump-2093214047\", {\"maxDepth\":3,\"maxStringLength\":160})</script>
","chart05":"<pre class=sf-dump id=sf-dump-318162026 data-indent-pad=\"  \"><span class=sf-dump-note>ArielMejiaDev\\LarapexCharts\\PieChart</span> {<a class=sf-dump-ref>#1804</a><samp data-depth=1 class=sf-dump-expanded>
  +<span class=sf-dump-public title=\"Public property\">id</span>: \"<span class=sf-dump-str title=\"25 characters\">dmceoqukbflywxjgnrzhatvsi</span>\"
  #<span class=sf-dump-protected title=\"Protected property\">title</span>: <span class=sf-dump-const>null</span>
  #<span class=sf-dump-protected title=\"Protected property\">subtitle</span>: <span class=sf-dump-const>null</span>
  #<span class=sf-dump-protected title=\"Protected property\">subtitlePosition</span>: <span class=sf-dump-const>null</span>
  #<span class=sf-dump-protected title=\"Protected property\">type</span>: \"<span class=sf-dump-str title=\"3 characters\">pie</span>\"
  #<span class=sf-dump-protected title=\"Protected property\">labels</span>: <span class=sf-dump-note>array:2</span> [<samp data-depth=2 class=sf-dump-compact>
    <span class=sf-dump-index>0</span> => \"<span class=sf-dump-str title=\"8 characters\">all fees</span>\"
    <span class=sf-dump-index>1</span> => \"<span class=sf-dump-str title=\"12 characters\">tafseel fees</span>\"
  </samp>]
  #<span class=sf-dump-protected title=\"Protected property\">fontFamily</span>: <span class=sf-dump-const>null</span>
  #<span class=sf-dump-protected title=\"Protected property\">dataset</span>: \"<span class=sf-dump-str title=\"10 characters\">[1.3,0.13]</span>\"
  #<span class=sf-dump-protected title=\"Protected property\">height</span>: <span class=sf-dump-num>500</span>
  #<span class=sf-dump-protected title=\"Protected property\">width</span>: <span class=sf-dump-const>null</span>
  #<span class=sf-dump-protected title=\"Protected property\">colors</span>: \"<span class=sf-dump-str title=\"21 characters\">[&quot;#8E9AA4&quot;,&quot;#726189&quot;]</span>\"
  #<span class=sf-dump-protected title=\"Protected property\">horizontal</span>: \"<span class=sf-dump-str title=\"20 characters\">{&quot;horizontal&quot;:false}</span>\"
  #<span class=sf-dump-protected title=\"Protected property\">xAxis</span>: \"<span class=sf-dump-str title=\"2 characters\">[]</span>\"
  #<span class=sf-dump-protected title=\"Protected property\">grid</span>: \"<span class=sf-dump-str title=\"14 characters\">{&quot;show&quot;:false}</span>\"
  #<span class=sf-dump-protected title=\"Protected property\">markers</span>: \"<span class=sf-dump-str title=\"14 characters\">{&quot;show&quot;:false}</span>\"
  #<span class=sf-dump-protected title=\"Protected property\">stroke</span>: <span class=sf-dump-const>null</span>
  #<span class=sf-dump-protected title=\"Protected property\">toolbar</span>: \"<span class=sf-dump-str title=\"14 characters\">{&quot;show&quot;:false}</span>\"
  #<span class=sf-dump-protected title=\"Protected property\">zoom</span>: \"<span class=sf-dump-str title=\"16 characters\">{&quot;enabled&quot;:true}</span>\"
  #<span class=sf-dump-protected title=\"Protected property\">dataLabels</span>: \"<span class=sf-dump-str title=\"17 characters\">{&quot;enabled&quot;:false}</span>\"
  -<span class=sf-dump-private title=\"Private property defined in class:&#10;`ArielMejiaDev\\LarapexCharts\\LarapexChart`\">chartLetters</span>: \"<span class=sf-dump-str title=\"26 characters\">abcdefghijklmnopqrstuvwxyz</span>\"
</samp>}
</pre><script>Sfdump(\"sf-dump-318162026\", {\"maxDepth\":3,\"maxStringLength\":160})</script>
","chart06":"<pre class=sf-dump id=sf-dump-1961828649 data-indent-pad=\"  \"><span class=sf-dump-note>ArielMejiaDev\\LarapexCharts\\PolarAreaChart</span> {<a class=sf-dump-ref>#1863</a><samp data-depth=1 class=sf-dump-expanded>
  +<span class=sf-dump-public title=\"Public property\">id</span>: \"<span class=sf-dump-str title=\"25 characters\">wocutmnvizlhyjabxkdqesfrp</span>\"
  #<span class=sf-dump-protected title=\"Protected property\">title</span>: <span class=sf-dump-const>null</span>
  #<span class=sf-dump-protected title=\"Protected property\">subtitle</span>: <span class=sf-dump-const>null</span>
  #<span class=sf-dump-protected title=\"Protected property\">subtitlePosition</span>: <span class=sf-dump-const>null</span>
  #<span class=sf-dump-protected title=\"Protected property\">type</span>: \"<span class=sf-dump-str title=\"9 characters\">polarArea</span>\"
  #<span class=sf-dump-protected title=\"Protected property\">labels</span>: <span class=sf-dump-note>array:2</span> [<samp data-depth=2 class=sf-dump-compact>
    <span class=sf-dump-index>0</span> => \"<span class=sf-dump-str title=\"7 characters\">pending</span>\"
    <span class=sf-dump-index>1</span> => \"<span class=sf-dump-str title=\"8 characters\">approved</span>\"
  </samp>]
  #<span class=sf-dump-protected title=\"Protected property\">fontFamily</span>: <span class=sf-dump-const>null</span>
  #<span class=sf-dump-protected title=\"Protected property\">dataset</span>: \"<span class=sf-dump-str title=\"5 characters\">[0,0]</span>\"
  #<span class=sf-dump-protected title=\"Protected property\">height</span>: <span class=sf-dump-num>500</span>
  #<span class=sf-dump-protected title=\"Protected property\">width</span>: <span class=sf-dump-const>null</span>
  #<span class=sf-dump-protected title=\"Protected property\">colors</span>: \"<span class=sf-dump-str title=\"21 characters\">[&quot;#FFCE53&quot;,&quot;#CB4E41&quot;]</span>\"
  #<span class=sf-dump-protected title=\"Protected property\">horizontal</span>: \"<span class=sf-dump-str title=\"20 characters\">{&quot;horizontal&quot;:false}</span>\"
  #<span class=sf-dump-protected title=\"Protected property\">xAxis</span>: \"<span class=sf-dump-str title=\"2 characters\">[]</span>\"
  #<span class=sf-dump-protected title=\"Protected property\">grid</span>: \"<span class=sf-dump-str title=\"14 characters\">{&quot;show&quot;:false}</span>\"
  #<span class=sf-dump-protected title=\"Protected property\">markers</span>: \"<span class=sf-dump-str title=\"14 characters\">{&quot;show&quot;:false}</span>\"
  #<span class=sf-dump-protected title=\"Protected property\">stroke</span>: <span class=sf-dump-const>null</span>
  #<span class=sf-dump-protected title=\"Protected property\">toolbar</span>: \"<span class=sf-dump-str title=\"14 characters\">{&quot;show&quot;:false}</span>\"
  #<span class=sf-dump-protected title=\"Protected property\">zoom</span>: \"<span class=sf-dump-str title=\"16 characters\">{&quot;enabled&quot;:true}</span>\"
  #<span class=sf-dump-protected title=\"Protected property\">dataLabels</span>: \"<span class=sf-dump-str title=\"17 characters\">{&quot;enabled&quot;:false}</span>\"
  -<span class=sf-dump-private title=\"Private property defined in class:&#10;`ArielMejiaDev\\LarapexCharts\\LarapexChart`\">chartLetters</span>: \"<span class=sf-dump-str title=\"26 characters\">abcdefghijklmnopqrstuvwxyz</span>\"
</samp>}
</pre><script>Sfdump(\"sf-dump-1961828649\", {\"maxDepth\":3,\"maxStringLength\":160})</script>
"}},"userId":1,"exception":"[object] (Facade\\Ignition\\Exceptions\\ViewException(code: 0): Call to a member function format() on null (View: /home/faisal/sites/eco-st/resources/views/admin/dashboard.blade.php) at /home/faisal/sites/eco-st/resources/views/admin/dashboard.blade.php:534)
[stacktrace]
#0 /home/faisal/sites/eco-st/vendor/laravel/framework/src/Illuminate/Filesystem/Filesystem.php(107): require()
#1 /home/faisal/sites/eco-st/vendor/laravel/framework/src/Illuminate/Filesystem/Filesystem.php(108): Illuminate\\Filesystem\\Filesystem::Illuminate\\Filesystem\\{closure}()
#2 /home/faisal/sites/eco-st/vendor/laravel/framework/src/Illuminate/View/Engines/PhpEngine.php(58): Illuminate\\Filesystem\\Filesystem->getRequire()
#3 /home/faisal/sites/eco-st/vendor/livewire/livewire/src/ComponentConcerns/RendersLivewireComponents.php(69): Illuminate\\View\\Engines\\PhpEngine->evaluatePath()
#4 /home/faisal/sites/eco-st/vendor/laravel/framework/src/Illuminate/View/Engines/CompilerEngine.php(61): Livewire\\CompilerEngineForIgnition->evaluatePath()
#5 /home/faisal/sites/eco-st/vendor/facade/ignition/src/Views/Engines/CompilerEngine.php(37): Illuminate\\View\\Engines\\CompilerEngine->get()
#6 /home/faisal/sites/eco-st/vendor/livewire/livewire/src/ComponentConcerns/RendersLivewireComponents.php(35): Facade\\Ignition\\Views\\Engines\\CompilerEngine->get()
#7 /home/faisal/sites/eco-st/vendor/laravel/framework/src/Illuminate/View/View.php(139): Livewire\\CompilerEngineForIgnition->get()
#8 /home/faisal/sites/eco-st/vendor/laravel/framework/src/Illuminate/View/View.php(122): Illuminate\\View\\View->getContents()
#9 /home/faisal/sites/eco-st/vendor/laravel/framework/src/Illuminate/View/View.php(91): Illuminate\\View\\View->renderContents()
#10 /home/faisal/sites/eco-st/vendor/laravel/framework/src/Illuminate/Http/Response.php(69): Illuminate\\View\\View->render()
#11 /home/faisal/sites/eco-st/vendor/laravel/framework/src/Illuminate/Http/Response.php(35): Illuminate\\Http\\Response->setContent()
#12 /home/faisal/sites/eco-st/vendor/laravel/framework/src/Illuminate/Routing/Router.php(820): Illuminate\\Http\\Response->__construct()
#13 /home/faisal/sites/eco-st/vendor/laravel/framework/src/Illuminate/Routing/Router.php(789): Illuminate\\Routing\\Router::toResponse()
#14 /home/faisal/sites/eco-st/vendor/laravel/framework/src/Illuminate/Routing/Router.php(721): Illuminate\\Routing\\Router->prepareResponse()
#15 /home/faisal/sites/eco-st/vendor/laravel/framework/src/Illuminate/Pipeline/Pipeline.php(128): Illuminate\\Routing\\Router->Illuminate\\Routing\\{closure}()
#16 /home/faisal/sites/eco-st/app/Http/Middleware/Admin.php(22): Illuminate\\Pipeline\\Pipeline->Illuminate\\Pipeline\\{closure}()
#17 /home/faisal/sites/eco-st/vendor/laravel/framework/src/Illuminate/Pipeline/Pipeline.php(167): App\\Http\\Middleware\\Admin->handle()
#18 /home/faisal/sites/eco-st/app/Http/Middleware/Lang.php(21): Illuminate\\Pipeline\\Pipeline->Illuminate\\Pipeline\\{closure}()
#19 /home/faisal/sites/eco-st/vendor/laravel/framework/src/Illuminate/Pipeline/Pipeline.php(167): App\\Http\\Middleware\\Lang->handle()
#20 /home/faisal/sites/eco-st/vendor/laravel/framework/src/Illuminate/Routing/Middleware/SubstituteBindings.php(50): Illuminate\\Pipeline\\Pipeline->Illuminate\\Pipeline\\{closure}()
#21 /home/faisal/sites/eco-st/vendor/laravel/framework/src/Illuminate/Pipeline/Pipeline.php(167): Illuminate\\Routing\\Middleware\\SubstituteBindings->handle()
#22 /home/faisal/sites/eco-st/vendor/laravel/framework/src/Illuminate/Foundation/Http/Middleware/VerifyCsrfToken.php(78): Illuminate\\Pipeline\\Pipeline->Illuminate\\Pipeline\\{closure}()
#23 /home/faisal/sites/eco-st/vendor/laravel/framework/src/Illuminate/Pipeline/Pipeline.php(167): Illuminate\\Foundation\\Http\\Middleware\\VerifyCsrfToken->handle()
#24 /home/faisal/sites/eco-st/vendor/laravel/framework/src/Illuminate/View/Middleware/ShareErrorsFromSession.php(49): Illuminate\\Pipeline\\Pipeline->Illuminate\\Pipeline\\{closure}()
#25 /home/faisal/sites/eco-st/vendor/laravel/framework/src/Illuminate/Pipeline/Pipeline.php(167): Illuminate\\View\\Middleware\\ShareErrorsFromSession->handle()
#26 /home/faisal/sites/eco-st/vendor/laravel/framework/src/Illuminate/Session/Middleware/AuthenticateSession.php(58): Illuminate\\Pipeline\\Pipeline->Illuminate\\Pipeline\\{closure}()
#27 /home/faisal/sites/eco-st/vendor/laravel/framework/src/Illuminate/Pipeline/Pipeline.php(167): Illuminate\\Session\\Middleware\\AuthenticateSession->handle()
#28 /home/faisal/sites/eco-st/vendor/laravel/framework/src/Illuminate/Session/Middleware/StartSession.php(121): Illuminate\\Pipeline\\Pipeline->Illuminate\\Pipeline\\{closure}()
#29 /home/faisal/sites/eco-st/vendor/laravel/framework/src/Illuminate/Session/Middleware/StartSession.php(64): Illuminate\\Session\\Middleware\\StartSession->handleStatefulRequest()
#30 /home/faisal/sites/eco-st/vendor/laravel/framework/src/Illuminate/Pipeline/Pipeline.php(167): Illuminate\\Session\\Middleware\\StartSession->handle()
#31 /home/faisal/sites/eco-st/vendor/laravel/framework/src/Illuminate/Cookie/Middleware/AddQueuedCookiesToResponse.php(37): Illuminate\\Pipeline\\Pipeline->Illuminate\\Pipeline\\{closure}()
#32 /home/faisal/sites/eco-st/vendor/laravel/framework/src/Illuminate/Pipeline/Pipeline.php(167): Illuminate\\Cookie\\Middleware\\AddQueuedCookiesToResponse->handle()
#33 /home/faisal/sites/eco-st/vendor/laravel/framework/src/Illuminate/Cookie/Middleware/EncryptCookies.php(67): Illuminate\\Pipeline\\Pipeline->Illuminate\\Pipeline\\{closure}()
#34 /home/faisal/sites/eco-st/vendor/laravel/framework/src/Illuminate/Pipeline/Pipeline.php(167): Illuminate\\Cookie\\Middleware\\EncryptCookies->handle()
#35 /home/faisal/sites/eco-st/vendor/laravel/framework/src/Illuminate/Pipeline/Pipeline.php(103): Illuminate\\Pipeline\\Pipeline->Illuminate\\Pipeline\\{closure}()
#36 /home/faisal/sites/eco-st/vendor/laravel/framework/src/Illuminate/Routing/Router.php(723): Illuminate\\Pipeline\\Pipeline->then()
#37 /home/faisal/sites/eco-st/vendor/laravel/framework/src/Illuminate/Routing/Router.php(698): Illuminate\\Routing\\Router->runRouteWithinStack()
#38 /home/faisal/sites/eco-st/vendor/laravel/framework/src/Illuminate/Routing/Router.php(662): Illuminate\\Routing\\Router->runRoute()
#39 /home/faisal/sites/eco-st/vendor/laravel/framework/src/Illuminate/Routing/Router.php(651): Illuminate\\Routing\\Router->dispatchToRoute()
#40 /home/faisal/sites/eco-st/vendor/laravel/framework/src/Illuminate/Foundation/Http/Kernel.php(167): Illuminate\\Routing\\Router->dispatch()
#41 /home/faisal/sites/eco-st/vendor/laravel/framework/src/Illuminate/Pipeline/Pipeline.php(128): Illuminate\\Foundation\\Http\\Kernel->Illuminate\\Foundation\\Http\\{closure}()
#42 /home/faisal/sites/eco-st/vendor/livewire/livewire/src/DisableBrowserCache.php(19): Illuminate\\Pipeline\\Pipeline->Illuminate\\Pipeline\\{closure}()
#43 /home/faisal/sites/eco-st/vendor/laravel/framework/src/Illuminate/Pipeline/Pipeline.php(167): Livewire\\DisableBrowserCache->handle()
#44 /home/faisal/sites/eco-st/vendor/laravel/framework/src/Illuminate/Foundation/Http/Middleware/TransformsRequest.php(21): Illuminate\\Pipeline\\Pipeline->Illuminate\\Pipeline\\{closure}()
#45 /home/faisal/sites/eco-st/vendor/laravel/framework/src/Illuminate/Foundation/Http/Middleware/ConvertEmptyStringsToNull.php(31): Illuminate\\Foundation\\Http\\Middleware\\TransformsRequest->handle()
#46 /home/faisal/sites/eco-st/vendor/laravel/framework/src/Illuminate/Pipeline/Pipeline.php(167): Illuminate\\Foundation\\Http\\Middleware\\ConvertEmptyStringsToNull->handle()
#47 /home/faisal/sites/eco-st/vendor/laravel/framework/src/Illuminate/Foundation/Http/Middleware/TransformsRequest.php(21): Illuminate\\Pipeline\\Pipeline->Illuminate\\Pipeline\\{closure}()
#48 /home/faisal/sites/eco-st/vendor/laravel/framework/src/Illuminate/Foundation/Http/Middleware/TrimStrings.php(40): Illuminate\\Foundation\\Http\\Middleware\\TransformsRequest->handle()
#49 /home/faisal/sites/eco-st/vendor/laravel/framework/src/Illuminate/Pipeline/Pipeline.php(167): Illuminate\\Foundation\\Http\\Middleware\\TrimStrings->handle()
#50 /home/faisal/sites/eco-st/vendor/laravel/framework/src/Illuminate/Foundation/Http/Middleware/ValidatePostSize.php(27): Illuminate\\Pipeline\\Pipeline->Illuminate\\Pipeline\\{closure}()
#51 /home/faisal/sites/eco-st/vendor/laravel/framework/src/Illuminate/Pipeline/Pipeline.php(167): Illuminate\\Foundation\\Http\\Middleware\\ValidatePostSize->handle()
#52 /home/faisal/sites/eco-st/vendor/laravel/framework/src/Illuminate/Foundation/Http/Middleware/PreventRequestsDuringMaintenance.php(86): Illuminate\\Pipeline\\Pipeline->Illuminate\\Pipeline\\{closure}()
#53 /home/faisal/sites/eco-st/vendor/laravel/framework/src/Illuminate/Pipeline/Pipeline.php(167): Illuminate\\Foundation\\Http\\Middleware\\PreventRequestsDuringMaintenance->handle()
#54 /home/faisal/sites/eco-st/vendor/fruitcake/laravel-cors/src/HandleCors.php(38): Illuminate\\Pipeline\\Pipeline->Illuminate\\Pipeline\\{closure}()
#55 /home/faisal/sites/eco-st/vendor/laravel/framework/src/Illuminate/Pipeline/Pipeline.php(167): Fruitcake\\Cors\\HandleCors->handle()
#56 /home/faisal/sites/eco-st/vendor/fideloper/proxy/src/TrustProxies.php(57): Illuminate\\Pipeline\\Pipeline->Illuminate\\Pipeline\\{closure}()
#57 /home/faisal/sites/eco-st/vendor/laravel/framework/src/Illuminate/Pipeline/Pipeline.php(167): Fideloper\\Proxy\\TrustProxies->handle()
#58 /home/faisal/sites/eco-st/vendor/laravel/framework/src/Illuminate/Pipeline/Pipeline.php(103): Illuminate\\Pipeline\\Pipeline->Illuminate\\Pipeline\\{closure}()
#59 /home/faisal/sites/eco-st/vendor/laravel/framework/src/Illuminate/Foundation/Http/Kernel.php(142): Illuminate\\Pipeline\\Pipeline->then()
#60 /home/faisal/sites/eco-st/vendor/laravel/framework/src/Illuminate/Foundation/Http/Kernel.php(111): Illuminate\\Foundation\\Http\\Kernel->sendRequestThroughRouter()
#61 /home/faisal/sites/eco-st/public/index.php(53): Illuminate\\Foundation\\Http\\Kernel->handle()
#62 /home/faisal/.config/composer/vendor/genesisweb/valet-linux-plus/server.php(292): require('...')
#63 {main}

[previous exception] [object] (Error(code: 0): Call to a member function format() on null at /home/faisal/sites/eco-st/storage/framework/views/a2563b7993b815cb87da879477b2b07f0d04b5dd.php:546)
[stacktrace]
#0 /home/faisal/sites/eco-st/vendor/laravel/framework/src/Illuminate/Filesystem/Filesystem.php(107): require()
#1 /home/faisal/sites/eco-st/vendor/laravel/framework/src/Illuminate/Filesystem/Filesystem.php(108): Illuminate\\Filesystem\\Filesystem::Illuminate\\Filesystem\\{closure}()
#2 /home/faisal/sites/eco-st/vendor/laravel/framework/src/Illuminate/View/Engines/PhpEngine.php(58): Illuminate\\Filesystem\\Filesystem->getRequire()
#3 /home/faisal/sites/eco-st/vendor/livewire/livewire/src/ComponentConcerns/RendersLivewireComponents.php(69): Illuminate\\View\\Engines\\PhpEngine->evaluatePath()
#4 /home/faisal/sites/eco-st/vendor/laravel/framework/src/Illuminate/View/Engines/CompilerEngine.php(61): Livewire\\CompilerEngineForIgnition->evaluatePath()
#5 /home/faisal/sites/eco-st/vendor/facade/ignition/src/Views/Engines/CompilerEngine.php(37): Illuminate\\View\\Engines\\CompilerEngine->get()
#6 /home/faisal/sites/eco-st/vendor/livewire/livewire/src/ComponentConcerns/RendersLivewireComponents.php(35): Facade\\Ignition\\Views\\Engines\\CompilerEngine->get()
#7 /home/faisal/sites/eco-st/vendor/laravel/framework/src/Illuminate/View/View.php(139): Livewire\\CompilerEngineForIgnition->get()
#8 /home/faisal/sites/eco-st/vendor/laravel/framework/src/Illuminate/View/View.php(122): Illuminate\\View\\View->getContents()
#9 /home/faisal/sites/eco-st/vendor/laravel/framework/src/Illuminate/View/View.php(91): Illuminate\\View\\View->renderContents()
#10 /home/faisal/sites/eco-st/vendor/laravel/framework/src/Illuminate/Http/Response.php(69): Illuminate\\View\\View->render()
#11 /home/faisal/sites/eco-st/vendor/laravel/framework/src/Illuminate/Http/Response.php(35): Illuminate\\Http\\Response->setContent()
#12 /home/faisal/sites/eco-st/vendor/laravel/framework/src/Illuminate/Routing/Router.php(820): Illuminate\\Http\\Response->__construct()
#13 /home/faisal/sites/eco-st/vendor/laravel/framework/src/Illuminate/Routing/Router.php(789): Illuminate\\Routing\\Router::toResponse()
#14 /home/faisal/sites/eco-st/vendor/laravel/framework/src/Illuminate/Routing/Router.php(721): Illuminate\\Routing\\Router->prepareResponse()
#15 /home/faisal/sites/eco-st/vendor/laravel/framework/src/Illuminate/Pipeline/Pipeline.php(128): Illuminate\\Routing\\Router->Illuminate\\Routing\\{closure}()
#16 /home/faisal/sites/eco-st/app/Http/Middleware/Admin.php(22): Illuminate\\Pipeline\\Pipeline->Illuminate\\Pipeline\\{closure}()
#17 /home/faisal/sites/eco-st/vendor/laravel/framework/src/Illuminate/Pipeline/Pipeline.php(167): App\\Http\\Middleware\\Admin->handle()
#18 /home/faisal/sites/eco-st/app/Http/Middleware/Lang.php(21): Illuminate\\Pipeline\\Pipeline->Illuminate\\Pipeline\\{closure}()
#19 /home/faisal/sites/eco-st/vendor/laravel/framework/src/Illuminate/Pipeline/Pipeline.php(167): App\\Http\\Middleware\\Lang->handle()
#20 /home/faisal/sites/eco-st/vendor/laravel/framework/src/Illuminate/Routing/Middleware/SubstituteBindings.php(50): Illuminate\\Pipeline\\Pipeline->Illuminate\\Pipeline\\{closure}()
#21 /home/faisal/sites/eco-st/vendor/laravel/framework/src/Illuminate/Pipeline/Pipeline.php(167): Illuminate\\Routing\\Middleware\\SubstituteBindings->handle()
#22 /home/faisal/sites/eco-st/vendor/laravel/framework/src/Illuminate/Foundation/Http/Middleware/VerifyCsrfToken.php(78): Illuminate\\Pipeline\\Pipeline->Illuminate\\Pipeline\\{closure}()
#23 /home/faisal/sites/eco-st/vendor/laravel/framework/src/Illuminate/Pipeline/Pipeline.php(167): Illuminate\\Foundation\\Http\\Middleware\\VerifyCsrfToken->handle()
#24 /home/faisal/sites/eco-st/vendor/laravel/framework/src/Illuminate/View/Middleware/ShareErrorsFromSession.php(49): Illuminate\\Pipeline\\Pipeline->Illuminate\\Pipeline\\{closure}()
#25 /home/faisal/sites/eco-st/vendor/laravel/framework/src/Illuminate/Pipeline/Pipeline.php(167): Illuminate\\View\\Middleware\\ShareErrorsFromSession->handle()
#26 /home/faisal/sites/eco-st/vendor/laravel/framework/src/Illuminate/Session/Middleware/AuthenticateSession.php(58): Illuminate\\Pipeline\\Pipeline->Illuminate\\Pipeline\\{closure}()
#27 /home/faisal/sites/eco-st/vendor/laravel/framework/src/Illuminate/Pipeline/Pipeline.php(167): Illuminate\\Session\\Middleware\\AuthenticateSession->handle()
#28 /home/faisal/sites/eco-st/vendor/laravel/framework/src/Illuminate/Session/Middleware/StartSession.php(121): Illuminate\\Pipeline\\Pipeline->Illuminate\\Pipeline\\{closure}()
#29 /home/faisal/sites/eco-st/vendor/laravel/framework/src/Illuminate/Session/Middleware/StartSession.php(64): Illuminate\\Session\\Middleware\\StartSession->handleStatefulRequest()
#30 /home/faisal/sites/eco-st/vendor/laravel/framework/src/Illuminate/Pipeline/Pipeline.php(167): Illuminate\\Session\\Middleware\\StartSession->handle()
#31 /home/faisal/sites/eco-st/vendor/laravel/framework/src/Illuminate/Cookie/Middleware/AddQueuedCookiesToResponse.php(37): Illuminate\\Pipeline\\Pipeline->Illuminate\\Pipeline\\{closure}()
#32 /home/faisal/sites/eco-st/vendor/laravel/framework/src/Illuminate/Pipeline/Pipeline.php(167): Illuminate\\Cookie\\Middleware\\AddQueuedCookiesToResponse->handle()
#33 /home/faisal/sites/eco-st/vendor/laravel/framework/src/Illuminate/Cookie/Middleware/EncryptCookies.php(67): Illuminate\\Pipeline\\Pipeline->Illuminate\\Pipeline\\{closure}()
#34 /home/faisal/sites/eco-st/vendor/laravel/framework/src/Illuminate/Pipeline/Pipeline.php(167): Illuminate\\Cookie\\Middleware\\EncryptCookies->handle()
#35 /home/faisal/sites/eco-st/vendor/laravel/framework/src/Illuminate/Pipeline/Pipeline.php(103): Illuminate\\Pipeline\\Pipeline->Illuminate\\Pipeline\\{closure}()
#36 /home/faisal/sites/eco-st/vendor/laravel/framework/src/Illuminate/Routing/Router.php(723): Illuminate\\Pipeline\\Pipeline->then()
#37 /home/faisal/sites/eco-st/vendor/laravel/framework/src/Illuminate/Routing/Router.php(698): Illuminate\\Routing\\Router->runRouteWithinStack()
#38 /home/faisal/sites/eco-st/vendor/laravel/framework/src/Illuminate/Routing/Router.php(662): Illuminate\\Routing\\Router->runRoute()
#39 /home/faisal/sites/eco-st/vendor/laravel/framework/src/Illuminate/Routing/Router.php(651): Illuminate\\Routing\\Router->dispatchToRoute()
#40 /home/faisal/sites/eco-st/vendor/laravel/framework/src/Illuminate/Foundation/Http/Kernel.php(167): Illuminate\\Routing\\Router->dispatch()
#41 /home/faisal/sites/eco-st/vendor/laravel/framework/src/Illuminate/Pipeline/Pipeline.php(128): Illuminate\\Foundation\\Http\\Kernel->Illuminate\\Foundation\\Http\\{closure}()
#42 /home/faisal/sites/eco-st/vendor/livewire/livewire/src/DisableBrowserCache.php(19): Illuminate\\Pipeline\\Pipeline->Illuminate\\Pipeline\\{closure}()
#43 /home/faisal/sites/eco-st/vendor/laravel/framework/src/Illuminate/Pipeline/Pipeline.php(167): Livewire\\DisableBrowserCache->handle()
#44 /home/faisal/sites/eco-st/vendor/laravel/framework/src/Illuminate/Foundation/Http/Middleware/TransformsRequest.php(21): Illuminate\\Pipeline\\Pipeline->Illuminate\\Pipeline\\{closure}()
#45 /home/faisal/sites/eco-st/vendor/laravel/framework/src/Illuminate/Foundation/Http/Middleware/ConvertEmptyStringsToNull.php(31): Illuminate\\Foundation\\Http\\Middleware\\TransformsRequest->handle()
#46 /home/faisal/sites/eco-st/vendor/laravel/framework/src/Illuminate/Pipeline/Pipeline.php(167): Illuminate\\Foundation\\Http\\Middleware\\ConvertEmptyStringsToNull->handle()
#47 /home/faisal/sites/eco-st/vendor/laravel/framework/src/Illuminate/Foundation/Http/Middleware/TransformsRequest.php(21): Illuminate\\Pipeline\\Pipeline->Illuminate\\Pipeline\\{closure}()
#48 /home/faisal/sites/eco-st/vendor/laravel/framework/src/Illuminate/Foundation/Http/Middleware/TrimStrings.php(40): Illuminate\\Foundation\\Http\\Middleware\\TransformsRequest->handle()
#49 /home/faisal/sites/eco-st/vendor/laravel/framework/src/Illuminate/Pipeline/Pipeline.php(167): Illuminate\\Foundation\\Http\\Middleware\\TrimStrings->handle()
#50 /home/faisal/sites/eco-st/vendor/laravel/framework/src/Illuminate/Foundation/Http/Middleware/ValidatePostSize.php(27): Illuminate\\Pipeline\\Pipeline->Illuminate\\Pipeline\\{closure}()
#51 /home/faisal/sites/eco-st/vendor/laravel/framework/src/Illuminate/Pipeline/Pipeline.php(167): Illuminate\\Foundation\\Http\\Middleware\\ValidatePostSize->handle()
#52 /home/faisal/sites/eco-st/vendor/laravel/framework/src/Illuminate/Foundation/Http/Middleware/PreventRequestsDuringMaintenance.php(86): Illuminate\\Pipeline\\Pipeline->Illuminate\\Pipeline\\{closure}()
#53 /home/faisal/sites/eco-st/vendor/laravel/framework/src/Illuminate/Pipeline/Pipeline.php(167): Illuminate\\Foundation\\Http\\Middleware\\PreventRequestsDuringMaintenance->handle()
#54 /home/faisal/sites/eco-st/vendor/fruitcake/laravel-cors/src/HandleCors.php(38): Illuminate\\Pipeline\\Pipeline->Illuminate\\Pipeline\\{closure}()
#55 /home/faisal/sites/eco-st/vendor/laravel/framework/src/Illuminate/Pipeline/Pipeline.php(167): Fruitcake\\Cors\\HandleCors->handle()
#56 /home/faisal/sites/eco-st/vendor/fideloper/proxy/src/TrustProxies.php(57): Illuminate\\Pipeline\\Pipeline->Illuminate\\Pipeline\\{closure}()
#57 /home/faisal/sites/eco-st/vendor/laravel/framework/src/Illuminate/Pipeline/Pipeline.php(167): Fideloper\\Proxy\\TrustProxies->handle()
#58 /home/faisal/sites/eco-st/vendor/laravel/framework/src/Illuminate/Pipeline/Pipeline.php(103): Illuminate\\Pipeline\\Pipeline->Illuminate\\Pipeline\\{closure}()
#59 /home/faisal/sites/eco-st/vendor/laravel/framework/src/Illuminate/Foundation/Http/Kernel.php(142): Illuminate\\Pipeline\\Pipeline->then()
#60 /home/faisal/sites/eco-st/vendor/laravel/framework/src/Illuminate/Foundation/Http/Kernel.php(111): Illuminate\\Foundation\\Http\\Kernel->sendRequestThroughRouter()
#61 /home/faisal/sites/eco-st/public/index.php(53): Illuminate\\Foundation\\Http\\Kernel->handle()
#62 /home/faisal/.config/composer/vendor/genesisweb/valet-linux-plus/server.php(292): require('...')
#63 {main}
"} 
[2023-02-20 09:47:09] production.ERROR: Call to a member function format() on null (View: /home/faisal/sites/eco-st/resources/views/admin/dashboard.blade.php) {"view":{"view":"/home/faisal/sites/eco-st/resources/views/admin/dashboard.blade.php","data":{"errors":"<pre class=sf-dump id=sf-dump-1096416014 data-indent-pad=\"  \"><span class=sf-dump-note>Illuminate\\Support\\ViewErrorBag</span> {<a class=sf-dump-ref>#663</a><samp data-depth=1 class=sf-dump-expanded>
  #<span class=sf-dump-protected title=\"Protected property\">bags</span>: []
</samp>}
</pre><script>Sfdump(\"sf-dump-1096416014\", {\"maxDepth\":3,\"maxStringLength\":160})</script>
","chart":"<pre class=sf-dump id=sf-dump-767439856 data-indent-pad=\"  \"><span class=sf-dump-note>ArielMejiaDev\\LarapexCharts\\BarChart</span> {<a class=sf-dump-ref>#1593</a><samp data-depth=1 class=sf-dump-expanded>
  +<span class=sf-dump-public title=\"Public property\">id</span>: \"<span class=sf-dump-str title=\"25 characters\">miwljbzpfgnvxasurykcheotq</span>\"
  #<span class=sf-dump-protected title=\"Protected property\">title</span>: <span class=sf-dump-const>null</span>
  #<span class=sf-dump-protected title=\"Protected property\">subtitle</span>: <span class=sf-dump-const>null</span>
  #<span class=sf-dump-protected title=\"Protected property\">subtitlePosition</span>: <span class=sf-dump-const>null</span>
  #<span class=sf-dump-protected title=\"Protected property\">type</span>: \"<span class=sf-dump-str title=\"3 characters\">bar</span>\"
  #<span class=sf-dump-protected title=\"Protected property\">labels</span>: <span class=sf-dump-const>null</span>
  #<span class=sf-dump-protected title=\"Protected property\">fontFamily</span>: <span class=sf-dump-const>null</span>
  #<span class=sf-dump-protected title=\"Protected property\">dataset</span>: \"<span class=sf-dump-str title=\"52 characters\">[{&quot;name&quot;:&quot;orders&quot;,&quot;data&quot;:[0,0,0,0,0,0,0,0,0,0,0,0]}]</span>\"
  #<span class=sf-dump-protected title=\"Protected property\">height</span>: <span class=sf-dump-num>500</span>
  #<span class=sf-dump-protected title=\"Protected property\">width</span>: <span class=sf-dump-const>null</span>
  #<span class=sf-dump-protected title=\"Protected property\">colors</span>: \"<span class=sf-dump-str title=\"11 characters\">[&quot;#17A2B8&quot;]</span>\"
  #<span class=sf-dump-protected title=\"Protected property\">horizontal</span>: \"<span class=sf-dump-str title=\"20 characters\">{&quot;horizontal&quot;:false}</span>\"
  #<span class=sf-dump-protected title=\"Protected property\">xAxis</span>: \"<span class=sf-dump-str title=\"73 characters\">[&quot;Jan&quot;,&quot;Feb&quot;,&quot;Mar&quot;,&quot;Apr&quot;,&quot;May&quot;,&quot;Jun&quot;,&quot;Jul&quot;,&quot;Aug&quot;,&quot;Sep&quot;,&quot;Oct&quot;,&quot;Nov&quot;,&quot;Dec&quot;]</span>\"
  #<span class=sf-dump-protected title=\"Protected property\">grid</span>: \"<span class=sf-dump-str title=\"14 characters\">{&quot;show&quot;:false}</span>\"
  #<span class=sf-dump-protected title=\"Protected property\">markers</span>: \"<span class=sf-dump-str title=\"14 characters\">{&quot;show&quot;:false}</span>\"
  #<span class=sf-dump-protected title=\"Protected property\">stroke</span>: <span class=sf-dump-const>null</span>
  #<span class=sf-dump-protected title=\"Protected property\">toolbar</span>: \"<span class=sf-dump-str title=\"14 characters\">{&quot;show&quot;:false}</span>\"
  #<span class=sf-dump-protected title=\"Protected property\">zoom</span>: \"<span class=sf-dump-str title=\"16 characters\">{&quot;enabled&quot;:true}</span>\"
  #<span class=sf-dump-protected title=\"Protected property\">dataLabels</span>: \"<span class=sf-dump-str title=\"17 characters\">{&quot;enabled&quot;:false}</span>\"
  -<span class=sf-dump-private title=\"Private property defined in class:&#10;`ArielMejiaDev\\LarapexCharts\\LarapexChart`\">chartLetters</span>: \"<span class=sf-dump-str title=\"26 characters\">abcdefghijklmnopqrstuvwxyz</span>\"
</samp>}
</pre><script>Sfdump(\"sf-dump-767439856\", {\"maxDepth\":3,\"maxStringLength\":160})</script>
","chart02":"<pre class=sf-dump id=sf-dump-1237229575 data-indent-pad=\"  \"><span class=sf-dump-note>ArielMejiaDev\\LarapexCharts\\DonutChart</span> {<a class=sf-dump-ref>#1630</a><samp data-depth=1 class=sf-dump-expanded>
  +<span class=sf-dump-public title=\"Public property\">id</span>: \"<span class=sf-dump-str title=\"25 characters\">tylvgdfzmaiokepjsxchrwqub</span>\"
  #<span class=sf-dump-protected title=\"Protected property\">title</span>: <span class=sf-dump-const>null</span>
  #<span class=sf-dump-protected title=\"Protected property\">subtitle</span>: <span class=sf-dump-const>null</span>
  #<span class=sf-dump-protected title=\"Protected property\">subtitlePosition</span>: <span class=sf-dump-const>null</span>
  #<span class=sf-dump-protected title=\"Protected property\">type</span>: \"<span class=sf-dump-str title=\"5 characters\">donut</span>\"
  #<span class=sf-dump-protected title=\"Protected property\">labels</span>: <span class=sf-dump-note>array:3</span> [<samp data-depth=2 class=sf-dump-compact>
    <span class=sf-dump-index>0</span> => \"<span class=sf-dump-str title=\"18 characters\">&#1578;&#1581;&#1583;&#1610;&#1583; &#1605;&#1608;&#1593;&#1583; &#1575;&#1604;&#1578;&#1580;&#1607;&#1610;&#1586;</span>\"
    <span class=sf-dump-index>1</span> => \"<span class=sf-dump-str title=\"17 characters\">&#1575;&#1604;&#1591;&#1604;&#1576; &#1602;&#1610;&#1583; &#1575;&#1604;&#1578;&#1601;&#1589;&#1610;&#1604;</span>\"
    <span class=sf-dump-index>2</span> => \"<span class=sf-dump-str title=\"17 characters\">&#1575;&#1604;&#1591;&#1604;&#1576; &#1602;&#1610;&#1583; &#1575;&#1604;&#1578;&#1608;&#1589;&#1610;&#1604;</span>\"
  </samp>]
  #<span class=sf-dump-protected title=\"Protected property\">fontFamily</span>: <span class=sf-dump-const>null</span>
  #<span class=sf-dump-protected title=\"Protected property\">dataset</span>: \"<span class=sf-dump-str title=\"7 characters\">[1,0,1]</span>\"
  #<span class=sf-dump-protected title=\"Protected property\">height</span>: <span class=sf-dump-num>500</span>
  #<span class=sf-dump-protected title=\"Protected property\">width</span>: <span class=sf-dump-const>null</span>
  #<span class=sf-dump-protected title=\"Protected property\">colors</span>: \"<span class=sf-dump-str title=\"31 characters\">[&quot;#DC3545&quot;,&quot;#FFC107&quot;,&quot;#28A745&quot;]</span>\"
  #<span class=sf-dump-protected title=\"Protected property\">horizontal</span>: \"<span class=sf-dump-str title=\"20 characters\">{&quot;horizontal&quot;:false}</span>\"
  #<span class=sf-dump-protected title=\"Protected property\">xAxis</span>: \"<span class=sf-dump-str title=\"2 characters\">[]</span>\"
  #<span class=sf-dump-protected title=\"Protected property\">grid</span>: \"<span class=sf-dump-str title=\"58 characters\">{&quot;row&quot;:{&quot;colors&quot;:[&quot;#3F51B5&quot;,&quot;transparent&quot;],&quot;opacity&quot;:0.1}}</span>\"
  #<span class=sf-dump-protected title=\"Protected property\">markers</span>: \"<span class=sf-dump-str title=\"14 characters\">{&quot;show&quot;:false}</span>\"
  #<span class=sf-dump-protected title=\"Protected property\">stroke</span>: <span class=sf-dump-const>null</span>
  #<span class=sf-dump-protected title=\"Protected property\">toolbar</span>: \"<span class=sf-dump-str title=\"14 characters\">{&quot;show&quot;:false}</span>\"
  #<span class=sf-dump-protected title=\"Protected property\">zoom</span>: \"<span class=sf-dump-str title=\"16 characters\">{&quot;enabled&quot;:true}</span>\"
  #<span class=sf-dump-protected title=\"Protected property\">dataLabels</span>: \"<span class=sf-dump-str title=\"17 characters\">{&quot;enabled&quot;:false}</span>\"
  -<span class=sf-dump-private title=\"Private property defined in class:&#10;`ArielMejiaDev\\LarapexCharts\\LarapexChart`\">chartLetters</span>: \"<span class=sf-dump-str title=\"26 characters\">abcdefghijklmnopqrstuvwxyz</span>\"
</samp>}
</pre><script>Sfdump(\"sf-dump-1237229575\", {\"maxDepth\":3,\"maxStringLength\":160})</script>
","chart03":"<pre class=sf-dump id=sf-dump-367480142 data-indent-pad=\"  \"><span class=sf-dump-note>ArielMejiaDev\\LarapexCharts\\LineChart</span> {<a class=sf-dump-ref>#1633</a><samp data-depth=1 class=sf-dump-expanded>
  +<span class=sf-dump-public title=\"Public property\">id</span>: \"<span class=sf-dump-str title=\"25 characters\">jerlcxgpboatkvdsiuzhqymfw</span>\"
  #<span class=sf-dump-protected title=\"Protected property\">title</span>: <span class=sf-dump-const>null</span>
  #<span class=sf-dump-protected title=\"Protected property\">subtitle</span>: <span class=sf-dump-const>null</span>
  #<span class=sf-dump-protected title=\"Protected property\">subtitlePosition</span>: <span class=sf-dump-const>null</span>
  #<span class=sf-dump-protected title=\"Protected property\">type</span>: \"<span class=sf-dump-str title=\"4 characters\">line</span>\"
  #<span class=sf-dump-protected title=\"Protected property\">labels</span>: <span class=sf-dump-const>null</span>
  #<span class=sf-dump-protected title=\"Protected property\">fontFamily</span>: <span class=sf-dump-const>null</span>
  #<span class=sf-dump-protected title=\"Protected property\">dataset</span>: \"<span class=sf-dump-str title=\"170 characters\">[{&quot;name&quot;:&quot;BHD&quot;,&quot;data&quot;:[0,0,0,0,0,0,0,0,0,0,0,0]},{&quot;name&quot;:&quot;tafseel fees-BHD&quot;,&quot;data&quot;:[&quot;0.00&quot;,&quot;0.00&quot;,&quot;0.00&quot;,&quot;0.00&quot;,&quot;0.00&quot;,&quot;0.00&quot;,&quot;0.00&quot;,&quot;0.00&quot;,&quot;0.00&quot;,&quot;0.00&quot;,&quot;0.00&quot;,&quot;0.00&quot;]}]</span>\"
  #<span class=sf-dump-protected title=\"Protected property\">height</span>: <span class=sf-dump-num>500</span>
  #<span class=sf-dump-protected title=\"Protected property\">width</span>: <span class=sf-dump-const>null</span>
  #<span class=sf-dump-protected title=\"Protected property\">colors</span>: \"<span class=sf-dump-str title=\"21 characters\">[&quot;#8E9AA4&quot;,&quot;#726189&quot;]</span>\"
  #<span class=sf-dump-protected title=\"Protected property\">horizontal</span>: \"<span class=sf-dump-str title=\"20 characters\">{&quot;horizontal&quot;:false}</span>\"
  #<span class=sf-dump-protected title=\"Protected property\">xAxis</span>: \"<span class=sf-dump-str title=\"73 characters\">[&quot;Jan&quot;,&quot;Feb&quot;,&quot;Mar&quot;,&quot;Apr&quot;,&quot;May&quot;,&quot;Jun&quot;,&quot;Jul&quot;,&quot;Aug&quot;,&quot;Sep&quot;,&quot;Oct&quot;,&quot;Nov&quot;,&quot;Dec&quot;]</span>\"
  #<span class=sf-dump-protected title=\"Protected property\">grid</span>: \"<span class=sf-dump-str title=\"14 characters\">{&quot;show&quot;:false}</span>\"
  #<span class=sf-dump-protected title=\"Protected property\">markers</span>: \"<span class=sf-dump-str title=\"14 characters\">{&quot;show&quot;:false}</span>\"
  #<span class=sf-dump-protected title=\"Protected property\">stroke</span>: <span class=sf-dump-const>null</span>
  #<span class=sf-dump-protected title=\"Protected property\">toolbar</span>: \"<span class=sf-dump-str title=\"14 characters\">{&quot;show&quot;:false}</span>\"
  #<span class=sf-dump-protected title=\"Protected property\">zoom</span>: \"<span class=sf-dump-str title=\"16 characters\">{&quot;enabled&quot;:true}</span>\"
  #<span class=sf-dump-protected title=\"Protected property\">dataLabels</span>: \"<span class=sf-dump-str title=\"17 characters\">{&quot;enabled&quot;:false}</span>\"
  -<span class=sf-dump-private title=\"Private property defined in class:&#10;`ArielMejiaDev\\LarapexCharts\\LarapexChart`\">chartLetters</span>: \"<span class=sf-dump-str title=\"26 characters\">abcdefghijklmnopqrstuvwxyz</span>\"
</samp>}
</pre><script>Sfdump(\"sf-dump-367480142\", {\"maxDepth\":3,\"maxStringLength\":160})</script>
","chart04":"<pre class=sf-dump id=sf-dump-1763910376 data-indent-pad=\"  \"><span class=sf-dump-note>ArielMejiaDev\\LarapexCharts\\AreaChart</span> {<a class=sf-dump-ref>#1707</a><samp data-depth=1 class=sf-dump-expanded>
  +<span class=sf-dump-public title=\"Public property\">id</span>: \"<span class=sf-dump-str title=\"25 characters\">qzhnjrxtadulkcvsfgebiypmo</span>\"
  #<span class=sf-dump-protected title=\"Protected property\">title</span>: <span class=sf-dump-const>null</span>
  #<span class=sf-dump-protected title=\"Protected property\">subtitle</span>: <span class=sf-dump-const>null</span>
  #<span class=sf-dump-protected title=\"Protected property\">subtitlePosition</span>: <span class=sf-dump-const>null</span>
  #<span class=sf-dump-protected title=\"Protected property\">type</span>: \"<span class=sf-dump-str title=\"4 characters\">area</span>\"
  #<span class=sf-dump-protected title=\"Protected property\">labels</span>: <span class=sf-dump-const>null</span>
  #<span class=sf-dump-protected title=\"Protected property\">fontFamily</span>: <span class=sf-dump-const>null</span>
  #<span class=sf-dump-protected title=\"Protected property\">dataset</span>: \"<span class=sf-dump-str title=\"110 characters\">[{&quot;name&quot;:&quot;New Users&quot;,&quot;data&quot;:[0,0,0,0,0,0,0,0,0,0,0,0]},{&quot;name&quot;:&quot;New Stores&quot;,&quot;data&quot;:[0,0,0,0,0,0,0,0,0,0,0,0]}]</span>\"
  #<span class=sf-dump-protected title=\"Protected property\">height</span>: <span class=sf-dump-num>500</span>
  #<span class=sf-dump-protected title=\"Protected property\">width</span>: <span class=sf-dump-const>null</span>
  #<span class=sf-dump-protected title=\"Protected property\">colors</span>: \"<span class=sf-dump-str title=\"21 characters\">[&quot;#317087&quot;,&quot;#CB4E41&quot;]</span>\"
  #<span class=sf-dump-protected title=\"Protected property\">horizontal</span>: \"<span class=sf-dump-str title=\"20 characters\">{&quot;horizontal&quot;:false}</span>\"
  #<span class=sf-dump-protected title=\"Protected property\">xAxis</span>: \"<span class=sf-dump-str title=\"73 characters\">[&quot;Jan&quot;,&quot;Feb&quot;,&quot;Mar&quot;,&quot;Apr&quot;,&quot;May&quot;,&quot;Jun&quot;,&quot;Jul&quot;,&quot;Aug&quot;,&quot;Sep&quot;,&quot;Oct&quot;,&quot;Nov&quot;,&quot;Dec&quot;]</span>\"
  #<span class=sf-dump-protected title=\"Protected property\">grid</span>: \"<span class=sf-dump-str title=\"14 characters\">{&quot;show&quot;:false}</span>\"
  #<span class=sf-dump-protected title=\"Protected property\">markers</span>: \"<span class=sf-dump-str title=\"14 characters\">{&quot;show&quot;:false}</span>\"
  #<span class=sf-dump-protected title=\"Protected property\">stroke</span>: <span class=sf-dump-const>null</span>
  #<span class=sf-dump-protected title=\"Protected property\">toolbar</span>: \"<span class=sf-dump-str title=\"14 characters\">{&quot;show&quot;:false}</span>\"
  #<span class=sf-dump-protected title=\"Protected property\">zoom</span>: \"<span class=sf-dump-str title=\"16 characters\">{&quot;enabled&quot;:true}</span>\"
  #<span class=sf-dump-protected title=\"Protected property\">dataLabels</span>: \"<span class=sf-dump-str title=\"17 characters\">{&quot;enabled&quot;:false}</span>\"
  -<span class=sf-dump-private title=\"Private property defined in class:&#10;`ArielMejiaDev\\LarapexCharts\\LarapexChart`\">chartLetters</span>: \"<span class=sf-dump-str title=\"26 characters\">abcdefghijklmnopqrstuvwxyz</span>\"
</samp>}
</pre><script>Sfdump(\"sf-dump-1763910376\", {\"maxDepth\":3,\"maxStringLength\":160})</script>
","chart05":"<pre class=sf-dump id=sf-dump-349358045 data-indent-pad=\"  \"><span class=sf-dump-note>ArielMejiaDev\\LarapexCharts\\PieChart</span> {<a class=sf-dump-ref>#1804</a><samp data-depth=1 class=sf-dump-expanded>
  +<span class=sf-dump-public title=\"Public property\">id</span>: \"<span class=sf-dump-str title=\"25 characters\">yhfxcaovltzdijebqugpwrmnk</span>\"
  #<span class=sf-dump-protected title=\"Protected property\">title</span>: <span class=sf-dump-const>null</span>
  #<span class=sf-dump-protected title=\"Protected property\">subtitle</span>: <span class=sf-dump-const>null</span>
  #<span class=sf-dump-protected title=\"Protected property\">subtitlePosition</span>: <span class=sf-dump-const>null</span>
  #<span class=sf-dump-protected title=\"Protected property\">type</span>: \"<span class=sf-dump-str title=\"3 characters\">pie</span>\"
  #<span class=sf-dump-protected title=\"Protected property\">labels</span>: <span class=sf-dump-note>array:2</span> [<samp data-depth=2 class=sf-dump-compact>
    <span class=sf-dump-index>0</span> => \"<span class=sf-dump-str title=\"8 characters\">all fees</span>\"
    <span class=sf-dump-index>1</span> => \"<span class=sf-dump-str title=\"12 characters\">tafseel fees</span>\"
  </samp>]
  #<span class=sf-dump-protected title=\"Protected property\">fontFamily</span>: <span class=sf-dump-const>null</span>
  #<span class=sf-dump-protected title=\"Protected property\">dataset</span>: \"<span class=sf-dump-str title=\"10 characters\">[1.3,0.13]</span>\"
  #<span class=sf-dump-protected title=\"Protected property\">height</span>: <span class=sf-dump-num>500</span>
  #<span class=sf-dump-protected title=\"Protected property\">width</span>: <span class=sf-dump-const>null</span>
  #<span class=sf-dump-protected title=\"Protected property\">colors</span>: \"<span class=sf-dump-str title=\"21 characters\">[&quot;#8E9AA4&quot;,&quot;#726189&quot;]</span>\"
  #<span class=sf-dump-protected title=\"Protected property\">horizontal</span>: \"<span class=sf-dump-str title=\"20 characters\">{&quot;horizontal&quot;:false}</span>\"
  #<span class=sf-dump-protected title=\"Protected property\">xAxis</span>: \"<span class=sf-dump-str title=\"2 characters\">[]</span>\"
  #<span class=sf-dump-protected title=\"Protected property\">grid</span>: \"<span class=sf-dump-str title=\"14 characters\">{&quot;show&quot;:false}</span>\"
  #<span class=sf-dump-protected title=\"Protected property\">markers</span>: \"<span class=sf-dump-str title=\"14 characters\">{&quot;show&quot;:false}</span>\"
  #<span class=sf-dump-protected title=\"Protected property\">stroke</span>: <span class=sf-dump-const>null</span>
  #<span class=sf-dump-protected title=\"Protected property\">toolbar</span>: \"<span class=sf-dump-str title=\"14 characters\">{&quot;show&quot;:false}</span>\"
  #<span class=sf-dump-protected title=\"Protected property\">zoom</span>: \"<span class=sf-dump-str title=\"16 characters\">{&quot;enabled&quot;:true}</span>\"
  #<span class=sf-dump-protected title=\"Protected property\">dataLabels</span>: \"<span class=sf-dump-str title=\"17 characters\">{&quot;enabled&quot;:false}</span>\"
  -<span class=sf-dump-private title=\"Private property defined in class:&#10;`ArielMejiaDev\\LarapexCharts\\LarapexChart`\">chartLetters</span>: \"<span class=sf-dump-str title=\"26 characters\">abcdefghijklmnopqrstuvwxyz</span>\"
</samp>}
</pre><script>Sfdump(\"sf-dump-349358045\", {\"maxDepth\":3,\"maxStringLength\":160})</script>
","chart06":"<pre class=sf-dump id=sf-dump-89267143 data-indent-pad=\"  \"><span class=sf-dump-note>ArielMejiaDev\\LarapexCharts\\PolarAreaChart</span> {<a class=sf-dump-ref>#1863</a><samp data-depth=1 class=sf-dump-expanded>
  +<span class=sf-dump-public title=\"Public property\">id</span>: \"<span class=sf-dump-str title=\"25 characters\">owbvpmgxcjkqyzifaltnursde</span>\"
  #<span class=sf-dump-protected title=\"Protected property\">title</span>: <span class=sf-dump-const>null</span>
  #<span class=sf-dump-protected title=\"Protected property\">subtitle</span>: <span class=sf-dump-const>null</span>
  #<span class=sf-dump-protected title=\"Protected property\">subtitlePosition</span>: <span class=sf-dump-const>null</span>
  #<span class=sf-dump-protected title=\"Protected property\">type</span>: \"<span class=sf-dump-str title=\"9 characters\">polarArea</span>\"
  #<span class=sf-dump-protected title=\"Protected property\">labels</span>: <span class=sf-dump-note>array:2</span> [<samp data-depth=2 class=sf-dump-compact>
    <span class=sf-dump-index>0</span> => \"<span class=sf-dump-str title=\"7 characters\">pending</span>\"
    <span class=sf-dump-index>1</span> => \"<span class=sf-dump-str title=\"8 characters\">approved</span>\"
  </samp>]
  #<span class=sf-dump-protected title=\"Protected property\">fontFamily</span>: <span class=sf-dump-const>null</span>
  #<span class=sf-dump-protected title=\"Protected property\">dataset</span>: \"<span class=sf-dump-str title=\"5 characters\">[0,0]</span>\"
  #<span class=sf-dump-protected title=\"Protected property\">height</span>: <span class=sf-dump-num>500</span>
  #<span class=sf-dump-protected title=\"Protected property\">width</span>: <span class=sf-dump-const>null</span>
  #<span class=sf-dump-protected title=\"Protected property\">colors</span>: \"<span class=sf-dump-str title=\"21 characters\">[&quot;#FFCE53&quot;,&quot;#CB4E41&quot;]</span>\"
  #<span class=sf-dump-protected title=\"Protected property\">horizontal</span>: \"<span class=sf-dump-str title=\"20 characters\">{&quot;horizontal&quot;:false}</span>\"
  #<span class=sf-dump-protected title=\"Protected property\">xAxis</span>: \"<span class=sf-dump-str title=\"2 characters\">[]</span>\"
  #<span class=sf-dump-protected title=\"Protected property\">grid</span>: \"<span class=sf-dump-str title=\"14 characters\">{&quot;show&quot;:false}</span>\"
  #<span class=sf-dump-protected title=\"Protected property\">markers</span>: \"<span class=sf-dump-str title=\"14 characters\">{&quot;show&quot;:false}</span>\"
  #<span class=sf-dump-protected title=\"Protected property\">stroke</span>: <span class=sf-dump-const>null</span>
  #<span class=sf-dump-protected title=\"Protected property\">toolbar</span>: \"<span class=sf-dump-str title=\"14 characters\">{&quot;show&quot;:false}</span>\"
  #<span class=sf-dump-protected title=\"Protected property\">zoom</span>: \"<span class=sf-dump-str title=\"16 characters\">{&quot;enabled&quot;:true}</span>\"
  #<span class=sf-dump-protected title=\"Protected property\">dataLabels</span>: \"<span class=sf-dump-str title=\"17 characters\">{&quot;enabled&quot;:false}</span>\"
  -<span class=sf-dump-private title=\"Private property defined in class:&#10;`ArielMejiaDev\\LarapexCharts\\LarapexChart`\">chartLetters</span>: \"<span class=sf-dump-str title=\"26 characters\">abcdefghijklmnopqrstuvwxyz</span>\"
</samp>}
</pre><script>Sfdump(\"sf-dump-89267143\", {\"maxDepth\":3,\"maxStringLength\":160})</script>
"}},"userId":1,"exception":"[object] (Facade\\Ignition\\Exceptions\\ViewException(code: 0): Call to a member function format() on null (View: /home/faisal/sites/eco-st/resources/views/admin/dashboard.blade.php) at /home/faisal/sites/eco-st/resources/views/admin/dashboard.blade.php:534)
[stacktrace]
#0 /home/faisal/sites/eco-st/vendor/laravel/framework/src/Illuminate/Filesystem/Filesystem.php(107): require()
#1 /home/faisal/sites/eco-st/vendor/laravel/framework/src/Illuminate/Filesystem/Filesystem.php(108): Illuminate\\Filesystem\\Filesystem::Illuminate\\Filesystem\\{closure}()
#2 /home/faisal/sites/eco-st/vendor/laravel/framework/src/Illuminate/View/Engines/PhpEngine.php(58): Illuminate\\Filesystem\\Filesystem->getRequire()
#3 /home/faisal/sites/eco-st/vendor/livewire/livewire/src/ComponentConcerns/RendersLivewireComponents.php(69): Illuminate\\View\\Engines\\PhpEngine->evaluatePath()
#4 /home/faisal/sites/eco-st/vendor/laravel/framework/src/Illuminate/View/Engines/CompilerEngine.php(61): Livewire\\CompilerEngineForIgnition->evaluatePath()
#5 /home/faisal/sites/eco-st/vendor/facade/ignition/src/Views/Engines/CompilerEngine.php(37): Illuminate\\View\\Engines\\CompilerEngine->get()
#6 /home/faisal/sites/eco-st/vendor/livewire/livewire/src/ComponentConcerns/RendersLivewireComponents.php(35): Facade\\Ignition\\Views\\Engines\\CompilerEngine->get()
#7 /home/faisal/sites/eco-st/vendor/laravel/framework/src/Illuminate/View/View.php(139): Livewire\\CompilerEngineForIgnition->get()
#8 /home/faisal/sites/eco-st/vendor/laravel/framework/src/Illuminate/View/View.php(122): Illuminate\\View\\View->getContents()
#9 /home/faisal/sites/eco-st/vendor/laravel/framework/src/Illuminate/View/View.php(91): Illuminate\\View\\View->renderContents()
#10 /home/faisal/sites/eco-st/vendor/laravel/framework/src/Illuminate/Http/Response.php(69): Illuminate\\View\\View->render()
#11 /home/faisal/sites/eco-st/vendor/laravel/framework/src/Illuminate/Http/Response.php(35): Illuminate\\Http\\Response->setContent()
#12 /home/faisal/sites/eco-st/vendor/laravel/framework/src/Illuminate/Routing/Router.php(820): Illuminate\\Http\\Response->__construct()
#13 /home/faisal/sites/eco-st/vendor/laravel/framework/src/Illuminate/Routing/Router.php(789): Illuminate\\Routing\\Router::toResponse()
#14 /home/faisal/sites/eco-st/vendor/laravel/framework/src/Illuminate/Routing/Router.php(721): Illuminate\\Routing\\Router->prepareResponse()
#15 /home/faisal/sites/eco-st/vendor/laravel/framework/src/Illuminate/Pipeline/Pipeline.php(128): Illuminate\\Routing\\Router->Illuminate\\Routing\\{closure}()
#16 /home/faisal/sites/eco-st/app/Http/Middleware/Admin.php(22): Illuminate\\Pipeline\\Pipeline->Illuminate\\Pipeline\\{closure}()
#17 /home/faisal/sites/eco-st/vendor/laravel/framework/src/Illuminate/Pipeline/Pipeline.php(167): App\\Http\\Middleware\\Admin->handle()
#18 /home/faisal/sites/eco-st/app/Http/Middleware/Lang.php(21): Illuminate\\Pipeline\\Pipeline->Illuminate\\Pipeline\\{closure}()
#19 /home/faisal/sites/eco-st/vendor/laravel/framework/src/Illuminate/Pipeline/Pipeline.php(167): App\\Http\\Middleware\\Lang->handle()
#20 /home/faisal/sites/eco-st/vendor/laravel/framework/src/Illuminate/Routing/Middleware/SubstituteBindings.php(50): Illuminate\\Pipeline\\Pipeline->Illuminate\\Pipeline\\{closure}()
#21 /home/faisal/sites/eco-st/vendor/laravel/framework/src/Illuminate/Pipeline/Pipeline.php(167): Illuminate\\Routing\\Middleware\\SubstituteBindings->handle()
#22 /home/faisal/sites/eco-st/vendor/laravel/framework/src/Illuminate/Foundation/Http/Middleware/VerifyCsrfToken.php(78): Illuminate\\Pipeline\\Pipeline->Illuminate\\Pipeline\\{closure}()
#23 /home/faisal/sites/eco-st/vendor/laravel/framework/src/Illuminate/Pipeline/Pipeline.php(167): Illuminate\\Foundation\\Http\\Middleware\\VerifyCsrfToken->handle()
#24 /home/faisal/sites/eco-st/vendor/laravel/framework/src/Illuminate/View/Middleware/ShareErrorsFromSession.php(49): Illuminate\\Pipeline\\Pipeline->Illuminate\\Pipeline\\{closure}()
#25 /home/faisal/sites/eco-st/vendor/laravel/framework/src/Illuminate/Pipeline/Pipeline.php(167): Illuminate\\View\\Middleware\\ShareErrorsFromSession->handle()
#26 /home/faisal/sites/eco-st/vendor/laravel/framework/src/Illuminate/Session/Middleware/AuthenticateSession.php(58): Illuminate\\Pipeline\\Pipeline->Illuminate\\Pipeline\\{closure}()
#27 /home/faisal/sites/eco-st/vendor/laravel/framework/src/Illuminate/Pipeline/Pipeline.php(167): Illuminate\\Session\\Middleware\\AuthenticateSession->handle()
#28 /home/faisal/sites/eco-st/vendor/laravel/framework/src/Illuminate/Session/Middleware/StartSession.php(121): Illuminate\\Pipeline\\Pipeline->Illuminate\\Pipeline\\{closure}()
#29 /home/faisal/sites/eco-st/vendor/laravel/framework/src/Illuminate/Session/Middleware/StartSession.php(64): Illuminate\\Session\\Middleware\\StartSession->handleStatefulRequest()
#30 /home/faisal/sites/eco-st/vendor/laravel/framework/src/Illuminate/Pipeline/Pipeline.php(167): Illuminate\\Session\\Middleware\\StartSession->handle()
#31 /home/faisal/sites/eco-st/vendor/laravel/framework/src/Illuminate/Cookie/Middleware/AddQueuedCookiesToResponse.php(37): Illuminate\\Pipeline\\Pipeline->Illuminate\\Pipeline\\{closure}()
#32 /home/faisal/sites/eco-st/vendor/laravel/framework/src/Illuminate/Pipeline/Pipeline.php(167): Illuminate\\Cookie\\Middleware\\AddQueuedCookiesToResponse->handle()
#33 /home/faisal/sites/eco-st/vendor/laravel/framework/src/Illuminate/Cookie/Middleware/EncryptCookies.php(67): Illuminate\\Pipeline\\Pipeline->Illuminate\\Pipeline\\{closure}()
#34 /home/faisal/sites/eco-st/vendor/laravel/framework/src/Illuminate/Pipeline/Pipeline.php(167): Illuminate\\Cookie\\Middleware\\EncryptCookies->handle()
#35 /home/faisal/sites/eco-st/vendor/laravel/framework/src/Illuminate/Pipeline/Pipeline.php(103): Illuminate\\Pipeline\\Pipeline->Illuminate\\Pipeline\\{closure}()
#36 /home/faisal/sites/eco-st/vendor/laravel/framework/src/Illuminate/Routing/Router.php(723): Illuminate\\Pipeline\\Pipeline->then()
#37 /home/faisal/sites/eco-st/vendor/laravel/framework/src/Illuminate/Routing/Router.php(698): Illuminate\\Routing\\Router->runRouteWithinStack()
#38 /home/faisal/sites/eco-st/vendor/laravel/framework/src/Illuminate/Routing/Router.php(662): Illuminate\\Routing\\Router->runRoute()
#39 /home/faisal/sites/eco-st/vendor/laravel/framework/src/Illuminate/Routing/Router.php(651): Illuminate\\Routing\\Router->dispatchToRoute()
#40 /home/faisal/sites/eco-st/vendor/laravel/framework/src/Illuminate/Foundation/Http/Kernel.php(167): Illuminate\\Routing\\Router->dispatch()
#41 /home/faisal/sites/eco-st/vendor/laravel/framework/src/Illuminate/Pipeline/Pipeline.php(128): Illuminate\\Foundation\\Http\\Kernel->Illuminate\\Foundation\\Http\\{closure}()
#42 /home/faisal/sites/eco-st/vendor/livewire/livewire/src/DisableBrowserCache.php(19): Illuminate\\Pipeline\\Pipeline->Illuminate\\Pipeline\\{closure}()
#43 /home/faisal/sites/eco-st/vendor/laravel/framework/src/Illuminate/Pipeline/Pipeline.php(167): Livewire\\DisableBrowserCache->handle()
#44 /home/faisal/sites/eco-st/vendor/laravel/framework/src/Illuminate/Foundation/Http/Middleware/TransformsRequest.php(21): Illuminate\\Pipeline\\Pipeline->Illuminate\\Pipeline\\{closure}()
#45 /home/faisal/sites/eco-st/vendor/laravel/framework/src/Illuminate/Foundation/Http/Middleware/ConvertEmptyStringsToNull.php(31): Illuminate\\Foundation\\Http\\Middleware\\TransformsRequest->handle()
#46 /home/faisal/sites/eco-st/vendor/laravel/framework/src/Illuminate/Pipeline/Pipeline.php(167): Illuminate\\Foundation\\Http\\Middleware\\ConvertEmptyStringsToNull->handle()
#47 /home/faisal/sites/eco-st/vendor/laravel/framework/src/Illuminate/Foundation/Http/Middleware/TransformsRequest.php(21): Illuminate\\Pipeline\\Pipeline->Illuminate\\Pipeline\\{closure}()
#48 /home/faisal/sites/eco-st/vendor/laravel/framework/src/Illuminate/Foundation/Http/Middleware/TrimStrings.php(40): Illuminate\\Foundation\\Http\\Middleware\\TransformsRequest->handle()
#49 /home/faisal/sites/eco-st/vendor/laravel/framework/src/Illuminate/Pipeline/Pipeline.php(167): Illuminate\\Foundation\\Http\\Middleware\\TrimStrings->handle()
#50 /home/faisal/sites/eco-st/vendor/laravel/framework/src/Illuminate/Foundation/Http/Middleware/ValidatePostSize.php(27): Illuminate\\Pipeline\\Pipeline->Illuminate\\Pipeline\\{closure}()
#51 /home/faisal/sites/eco-st/vendor/laravel/framework/src/Illuminate/Pipeline/Pipeline.php(167): Illuminate\\Foundation\\Http\\Middleware\\ValidatePostSize->handle()
#52 /home/faisal/sites/eco-st/vendor/laravel/framework/src/Illuminate/Foundation/Http/Middleware/PreventRequestsDuringMaintenance.php(86): Illuminate\\Pipeline\\Pipeline->Illuminate\\Pipeline\\{closure}()
#53 /home/faisal/sites/eco-st/vendor/laravel/framework/src/Illuminate/Pipeline/Pipeline.php(167): Illuminate\\Foundation\\Http\\Middleware\\PreventRequestsDuringMaintenance->handle()
#54 /home/faisal/sites/eco-st/vendor/fruitcake/laravel-cors/src/HandleCors.php(38): Illuminate\\Pipeline\\Pipeline->Illuminate\\Pipeline\\{closure}()
#55 /home/faisal/sites/eco-st/vendor/laravel/framework/src/Illuminate/Pipeline/Pipeline.php(167): Fruitcake\\Cors\\HandleCors->handle()
#56 /home/faisal/sites/eco-st/vendor/fideloper/proxy/src/TrustProxies.php(57): Illuminate\\Pipeline\\Pipeline->Illuminate\\Pipeline\\{closure}()
#57 /home/faisal/sites/eco-st/vendor/laravel/framework/src/Illuminate/Pipeline/Pipeline.php(167): Fideloper\\Proxy\\TrustProxies->handle()
#58 /home/faisal/sites/eco-st/vendor/laravel/framework/src/Illuminate/Pipeline/Pipeline.php(103): Illuminate\\Pipeline\\Pipeline->Illuminate\\Pipeline\\{closure}()
#59 /home/faisal/sites/eco-st/vendor/laravel/framework/src/Illuminate/Foundation/Http/Kernel.php(142): Illuminate\\Pipeline\\Pipeline->then()
#60 /home/faisal/sites/eco-st/vendor/laravel/framework/src/Illuminate/Foundation/Http/Kernel.php(111): Illuminate\\Foundation\\Http\\Kernel->sendRequestThroughRouter()
#61 /home/faisal/sites/eco-st/public/index.php(53): Illuminate\\Foundation\\Http\\Kernel->handle()
#62 /home/faisal/.config/composer/vendor/genesisweb/valet-linux-plus/server.php(292): require('...')
#63 {main}

[previous exception] [object] (Error(code: 0): Call to a member function format() on null at /home/faisal/sites/eco-st/storage/framework/views/a2563b7993b815cb87da879477b2b07f0d04b5dd.php:546)
[stacktrace]
#0 /home/faisal/sites/eco-st/vendor/laravel/framework/src/Illuminate/Filesystem/Filesystem.php(107): require()
#1 /home/faisal/sites/eco-st/vendor/laravel/framework/src/Illuminate/Filesystem/Filesystem.php(108): Illuminate\\Filesystem\\Filesystem::Illuminate\\Filesystem\\{closure}()
#2 /home/faisal/sites/eco-st/vendor/laravel/framework/src/Illuminate/View/Engines/PhpEngine.php(58): Illuminate\\Filesystem\\Filesystem->getRequire()
#3 /home/faisal/sites/eco-st/vendor/livewire/livewire/src/ComponentConcerns/RendersLivewireComponents.php(69): Illuminate\\View\\Engines\\PhpEngine->evaluatePath()
#4 /home/faisal/sites/eco-st/vendor/laravel/framework/src/Illuminate/View/Engines/CompilerEngine.php(61): Livewire\\CompilerEngineForIgnition->evaluatePath()
#5 /home/faisal/sites/eco-st/vendor/facade/ignition/src/Views/Engines/CompilerEngine.php(37): Illuminate\\View\\Engines\\CompilerEngine->get()
#6 /home/faisal/sites/eco-st/vendor/livewire/livewire/src/ComponentConcerns/RendersLivewireComponents.php(35): Facade\\Ignition\\Views\\Engines\\CompilerEngine->get()
#7 /home/faisal/sites/eco-st/vendor/laravel/framework/src/Illuminate/View/View.php(139): Livewire\\CompilerEngineForIgnition->get()
#8 /home/faisal/sites/eco-st/vendor/laravel/framework/src/Illuminate/View/View.php(122): Illuminate\\View\\View->getContents()
#9 /home/faisal/sites/eco-st/vendor/laravel/framework/src/Illuminate/View/View.php(91): Illuminate\\View\\View->renderContents()
#10 /home/faisal/sites/eco-st/vendor/laravel/framework/src/Illuminate/Http/Response.php(69): Illuminate\\View\\View->render()
#11 /home/faisal/sites/eco-st/vendor/laravel/framework/src/Illuminate/Http/Response.php(35): Illuminate\\Http\\Response->setContent()
#12 /home/faisal/sites/eco-st/vendor/laravel/framework/src/Illuminate/Routing/Router.php(820): Illuminate\\Http\\Response->__construct()
#13 /home/faisal/sites/eco-st/vendor/laravel/framework/src/Illuminate/Routing/Router.php(789): Illuminate\\Routing\\Router::toResponse()
#14 /home/faisal/sites/eco-st/vendor/laravel/framework/src/Illuminate/Routing/Router.php(721): Illuminate\\Routing\\Router->prepareResponse()
#15 /home/faisal/sites/eco-st/vendor/laravel/framework/src/Illuminate/Pipeline/Pipeline.php(128): Illuminate\\Routing\\Router->Illuminate\\Routing\\{closure}()
#16 /home/faisal/sites/eco-st/app/Http/Middleware/Admin.php(22): Illuminate\\Pipeline\\Pipeline->Illuminate\\Pipeline\\{closure}()
#17 /home/faisal/sites/eco-st/vendor/laravel/framework/src/Illuminate/Pipeline/Pipeline.php(167): App\\Http\\Middleware\\Admin->handle()
#18 /home/faisal/sites/eco-st/app/Http/Middleware/Lang.php(21): Illuminate\\Pipeline\\Pipeline->Illuminate\\Pipeline\\{closure}()
#19 /home/faisal/sites/eco-st/vendor/laravel/framework/src/Illuminate/Pipeline/Pipeline.php(167): App\\Http\\Middleware\\Lang->handle()
#20 /home/faisal/sites/eco-st/vendor/laravel/framework/src/Illuminate/Routing/Middleware/SubstituteBindings.php(50): Illuminate\\Pipeline\\Pipeline->Illuminate\\Pipeline\\{closure}()
#21 /home/faisal/sites/eco-st/vendor/laravel/framework/src/Illuminate/Pipeline/Pipeline.php(167): Illuminate\\Routing\\Middleware\\SubstituteBindings->handle()
#22 /home/faisal/sites/eco-st/vendor/laravel/framework/src/Illuminate/Foundation/Http/Middleware/VerifyCsrfToken.php(78): Illuminate\\Pipeline\\Pipeline->Illuminate\\Pipeline\\{closure}()
#23 /home/faisal/sites/eco-st/vendor/laravel/framework/src/Illuminate/Pipeline/Pipeline.php(167): Illuminate\\Foundation\\Http\\Middleware\\VerifyCsrfToken->handle()
#24 /home/faisal/sites/eco-st/vendor/laravel/framework/src/Illuminate/View/Middleware/ShareErrorsFromSession.php(49): Illuminate\\Pipeline\\Pipeline->Illuminate\\Pipeline\\{closure}()
#25 /home/faisal/sites/eco-st/vendor/laravel/framework/src/Illuminate/Pipeline/Pipeline.php(167): Illuminate\\View\\Middleware\\ShareErrorsFromSession->handle()
#26 /home/faisal/sites/eco-st/vendor/laravel/framework/src/Illuminate/Session/Middleware/AuthenticateSession.php(58): Illuminate\\Pipeline\\Pipeline->Illuminate\\Pipeline\\{closure}()
#27 /home/faisal/sites/eco-st/vendor/laravel/framework/src/Illuminate/Pipeline/Pipeline.php(167): Illuminate\\Session\\Middleware\\AuthenticateSession->handle()
#28 /home/faisal/sites/eco-st/vendor/laravel/framework/src/Illuminate/Session/Middleware/StartSession.php(121): Illuminate\\Pipeline\\Pipeline->Illuminate\\Pipeline\\{closure}()
#29 /home/faisal/sites/eco-st/vendor/laravel/framework/src/Illuminate/Session/Middleware/StartSession.php(64): Illuminate\\Session\\Middleware\\StartSession->handleStatefulRequest()
#30 /home/faisal/sites/eco-st/vendor/laravel/framework/src/Illuminate/Pipeline/Pipeline.php(167): Illuminate\\Session\\Middleware\\StartSession->handle()
#31 /home/faisal/sites/eco-st/vendor/laravel/framework/src/Illuminate/Cookie/Middleware/AddQueuedCookiesToResponse.php(37): Illuminate\\Pipeline\\Pipeline->Illuminate\\Pipeline\\{closure}()
#32 /home/faisal/sites/eco-st/vendor/laravel/framework/src/Illuminate/Pipeline/Pipeline.php(167): Illuminate\\Cookie\\Middleware\\AddQueuedCookiesToResponse->handle()
#33 /home/faisal/sites/eco-st/vendor/laravel/framework/src/Illuminate/Cookie/Middleware/EncryptCookies.php(67): Illuminate\\Pipeline\\Pipeline->Illuminate\\Pipeline\\{closure}()
#34 /home/faisal/sites/eco-st/vendor/laravel/framework/src/Illuminate/Pipeline/Pipeline.php(167): Illuminate\\Cookie\\Middleware\\EncryptCookies->handle()
#35 /home/faisal/sites/eco-st/vendor/laravel/framework/src/Illuminate/Pipeline/Pipeline.php(103): Illuminate\\Pipeline\\Pipeline->Illuminate\\Pipeline\\{closure}()
#36 /home/faisal/sites/eco-st/vendor/laravel/framework/src/Illuminate/Routing/Router.php(723): Illuminate\\Pipeline\\Pipeline->then()
#37 /home/faisal/sites/eco-st/vendor/laravel/framework/src/Illuminate/Routing/Router.php(698): Illuminate\\Routing\\Router->runRouteWithinStack()
#38 /home/faisal/sites/eco-st/vendor/laravel/framework/src/Illuminate/Routing/Router.php(662): Illuminate\\Routing\\Router->runRoute()
#39 /home/faisal/sites/eco-st/vendor/laravel/framework/src/Illuminate/Routing/Router.php(651): Illuminate\\Routing\\Router->dispatchToRoute()
#40 /home/faisal/sites/eco-st/vendor/laravel/framework/src/Illuminate/Foundation/Http/Kernel.php(167): Illuminate\\Routing\\Router->dispatch()
#41 /home/faisal/sites/eco-st/vendor/laravel/framework/src/Illuminate/Pipeline/Pipeline.php(128): Illuminate\\Foundation\\Http\\Kernel->Illuminate\\Foundation\\Http\\{closure}()
#42 /home/faisal/sites/eco-st/vendor/livewire/livewire/src/DisableBrowserCache.php(19): Illuminate\\Pipeline\\Pipeline->Illuminate\\Pipeline\\{closure}()
#43 /home/faisal/sites/eco-st/vendor/laravel/framework/src/Illuminate/Pipeline/Pipeline.php(167): Livewire\\DisableBrowserCache->handle()
#44 /home/faisal/sites/eco-st/vendor/laravel/framework/src/Illuminate/Foundation/Http/Middleware/TransformsRequest.php(21): Illuminate\\Pipeline\\Pipeline->Illuminate\\Pipeline\\{closure}()
#45 /home/faisal/sites/eco-st/vendor/laravel/framework/src/Illuminate/Foundation/Http/Middleware/ConvertEmptyStringsToNull.php(31): Illuminate\\Foundation\\Http\\Middleware\\TransformsRequest->handle()
#46 /home/faisal/sites/eco-st/vendor/laravel/framework/src/Illuminate/Pipeline/Pipeline.php(167): Illuminate\\Foundation\\Http\\Middleware\\ConvertEmptyStringsToNull->handle()
#47 /home/faisal/sites/eco-st/vendor/laravel/framework/src/Illuminate/Foundation/Http/Middleware/TransformsRequest.php(21): Illuminate\\Pipeline\\Pipeline->Illuminate\\Pipeline\\{closure}()
#48 /home/faisal/sites/eco-st/vendor/laravel/framework/src/Illuminate/Foundation/Http/Middleware/TrimStrings.php(40): Illuminate\\Foundation\\Http\\Middleware\\TransformsRequest->handle()
#49 /home/faisal/sites/eco-st/vendor/laravel/framework/src/Illuminate/Pipeline/Pipeline.php(167): Illuminate\\Foundation\\Http\\Middleware\\TrimStrings->handle()
#50 /home/faisal/sites/eco-st/vendor/laravel/framework/src/Illuminate/Foundation/Http/Middleware/ValidatePostSize.php(27): Illuminate\\Pipeline\\Pipeline->Illuminate\\Pipeline\\{closure}()
#51 /home/faisal/sites/eco-st/vendor/laravel/framework/src/Illuminate/Pipeline/Pipeline.php(167): Illuminate\\Foundation\\Http\\Middleware\\ValidatePostSize->handle()
#52 /home/faisal/sites/eco-st/vendor/laravel/framework/src/Illuminate/Foundation/Http/Middleware/PreventRequestsDuringMaintenance.php(86): Illuminate\\Pipeline\\Pipeline->Illuminate\\Pipeline\\{closure}()
#53 /home/faisal/sites/eco-st/vendor/laravel/framework/src/Illuminate/Pipeline/Pipeline.php(167): Illuminate\\Foundation\\Http\\Middleware\\PreventRequestsDuringMaintenance->handle()
#54 /home/faisal/sites/eco-st/vendor/fruitcake/laravel-cors/src/HandleCors.php(38): Illuminate\\Pipeline\\Pipeline->Illuminate\\Pipeline\\{closure}()
#55 /home/faisal/sites/eco-st/vendor/laravel/framework/src/Illuminate/Pipeline/Pipeline.php(167): Fruitcake\\Cors\\HandleCors->handle()
#56 /home/faisal/sites/eco-st/vendor/fideloper/proxy/src/TrustProxies.php(57): Illuminate\\Pipeline\\Pipeline->Illuminate\\Pipeline\\{closure}()
#57 /home/faisal/sites/eco-st/vendor/laravel/framework/src/Illuminate/Pipeline/Pipeline.php(167): Fideloper\\Proxy\\TrustProxies->handle()
#58 /home/faisal/sites/eco-st/vendor/laravel/framework/src/Illuminate/Pipeline/Pipeline.php(103): Illuminate\\Pipeline\\Pipeline->Illuminate\\Pipeline\\{closure}()
#59 /home/faisal/sites/eco-st/vendor/laravel/framework/src/Illuminate/Foundation/Http/Kernel.php(142): Illuminate\\Pipeline\\Pipeline->then()
#60 /home/faisal/sites/eco-st/vendor/laravel/framework/src/Illuminate/Foundation/Http/Kernel.php(111): Illuminate\\Foundation\\Http\\Kernel->sendRequestThroughRouter()
#61 /home/faisal/sites/eco-st/public/index.php(53): Illuminate\\Foundation\\Http\\Kernel->handle()
#62 /home/faisal/.config/composer/vendor/genesisweb/valet-linux-plus/server.php(292): require('...')
#63 {main}
"} 
